#
# There is insufficient memory for the Java Runtime Environment to continue.
# Native memory allocation (mmap) failed to map 65536 bytes for Failed to commit metaspace.
# Possible reasons:
#   The system is out of physical RAM or swap space
#   The process is running with CompressedOops enabled, and the Java Heap may be blocking the growth of the native heap
# Possible solutions:
#   Reduce memory load on the system
#   Increase physical memory or swap space
#   Check if swap backing store is full
#   Decrease Java heap size (-Xmx/-Xms)
#   Decrease number of Java threads
#   Decrease Java thread stack sizes (-Xss)
#   Set larger code cache with -XX:ReservedCodeCacheSize=
#   JVM is running with Zero Based Compressed Oops mode in which the Java heap is
#     placed in the first 32GB address space. The Java Heap base address is the
#     maximum limit for the native heap growth. Please use -XX:HeapBaseMinAddress
#     to set the Java Heap base and to place the Java Heap above 32GB virtual address.
# This output file may be truncated or incomplete.
#
#  Out of Memory Error (virtualSpaceNode.cpp:112), pid=25788, tid=3112
#
# JRE version: Java(TM) SE Runtime Environment (21.0+35) (build 21+35-LTS-2513)
# Java VM: Java HotSpot(TM) 64-Bit Server VM (21+35-LTS-2513, mixed mode, sharing, tiered, compressed oops, compressed class ptrs, g1 gc, windows-amd64)
# No core dump will be written. Minidumps are not enabled by default on client versions of Windows
#

---------------  S U M M A R Y ------------

Command Line: -Dfile.encoding=UTF-8 -Dstdout.encoding=UTF-8 -Dstderr.encoding=UTF-8 -XX:+ShowCodeDetailsInExceptionMessages gestionbibliotheque.Livres

Host: AMD Ryzen 7 PRO 2700U w/ Radeon Vega Mobile Gfx, 8 cores, 14G,  Windows 10 , 64 bit Build 19041 (10.0.19041.3636)
Time: Wed Jan  3 19:30:10 2024 Maroc (heure d64 bit Build 19041 (10.0.19041.3636) elapsed time: 1.749217 seconds (0d 0h 0m 1s)

---------------  T H R E A D  ---------------

Current thread (0x000001989f4b7bd0):  JavaThread "AWT-EventQueue-0"        [_thread_in_vm, id=3112, stack(0x00000054c0600000,0x00000054c0700000) (1024K)]

Stack: [0x00000054c0600000,0x00000054c0700000]
Native frames: (J=compiled Java code, j=interpreted, Vv=VM code, C=native code)
V  [jvm.dll+0x6c8d39]
V  [jvm.dll+0x854091]
V  [jvm.dll+0x85630e]
V  [jvm.dll+0x8569e3]
V  [jvm.dll+0x2809a6]
V  [jvm.dll+0x84fdce]
V  [jvm.dll+0x66c755]
V  [jvm.dll+0x66c7ba]
V  [jvm.dll+0x66efb6]
V  [jvm.dll+0x66ee82]
V  [jvm.dll+0x66d12e]
V  [jvm.dll+0x3bda5f]
V  [jvm.dll+0x20f98b]
V  [jvm.dll+0x5ac4b6]
V  [jvm.dll+0x21f54a]
V  [jvm.dll+0x7cc981]
V  [jvm.dll+0x7cd9e5]
V  [jvm.dll+0x7cdf8f]
V  [jvm.dll+0x7cdc38]
V  [jvm.dll+0x26e97b]
V  [jvm.dll+0x3d34ae]
C  0x000001984ac6a83f

The last pc belongs to new (printed below).
Java frames: (J=compiled Java code, j=interpreted, Vv=VM code)
j  java.awt.geom.Path2D$Float.getPathIterator(Ljava/awt/geom/AffineTransform;)Ljava/awt/geom/PathIterator;+4 java.desktop@21
j  java.awt.geom.Path2D$Float.getBounds2D()Ljava/awt/geom/Rectangle2D;+2 java.desktop@21
j  javax.swing.plaf.nimbus.SpinnerPreviousButtonPainter.decodeGradient3(Ljava/awt/Shape;)Ljava/awt/Paint;+1 java.desktop@21
j  javax.swing.plaf.nimbus.SpinnerPreviousButtonPainter.paintBackgroundEnabled(Ljava/awt/Graphics2D;)V+38 java.desktop@21
j  javax.swing.plaf.nimbus.SpinnerPreviousButtonPainter.doPaint(Ljava/awt/Graphics2D;Ljavax/swing/JComponent;II[Ljava/lang/Object;)V+90 java.desktop@21
j  javax.swing.plaf.nimbus.AbstractRegionPainter.paint0(Ljava/awt/Graphics2D;Ljavax/swing/JComponent;II[Ljava/lang/Object;)V+30 java.desktop@21
j  javax.swing.plaf.nimbus.AbstractRegionPainter.getImage(Ljava/awt/GraphicsConfiguration;Ljavax/swing/JComponent;II[Ljava/lang/Object;)Ljava/awt/image/VolatileImage;+189 java.desktop@21
j  javax.swing.plaf.nimbus.AbstractRegionPainter.paintWithFixedSizeCaching(Ljava/awt/Graphics2D;Ljavax/swing/JComponent;II[Ljava/lang/Object;)V+11 java.desktop@21
j  javax.swing.plaf.nimbus.AbstractRegionPainter.paint(Ljava/awt/Graphics2D;Ljavax/swing/JComponent;II)V+104 java.desktop@21
j  javax.swing.plaf.nimbus.AbstractRegionPainter.paint(Ljava/awt/Graphics2D;Ljava/lang/Object;II)V+9 java.desktop@21
j  javax.swing.plaf.nimbus.SynthPainterImpl.paint(Ljavax/swing/Painter;Ljavax/swing/plaf/synth/SynthContext;Ljava/awt/Graphics;IIIILjava/awt/geom/AffineTransform;)V+49 java.desktop@21
j  javax.swing.plaf.nimbus.SynthPainterImpl.paintBackground(Ljavax/swing/plaf/synth/SynthContext;Ljava/awt/Graphics;IIIILjava/awt/geom/AffineTransform;)V+64 java.desktop@21
j  javax.swing.plaf.nimbus.SynthPainterImpl.paintArrowButtonBackground(Ljavax/swing/plaf/synth/SynthContext;Ljava/awt/Graphics;IIII)V+24 java.desktop@21
j  javax.swing.plaf.synth.SynthArrowButton$SynthArrowButtonUI.paintBackground(Ljavax/swing/plaf/synth/SynthContext;Ljava/awt/Graphics;Ljavax/swing/JComponent;)V+16 java.desktop@21
j  javax.swing.plaf.synth.SynthButtonUI.update(Ljava/awt/Graphics;Ljavax/swing/JComponent;)V+15 java.desktop@21
j  javax.swing.JComponent.paintComponent(Ljava/awt/Graphics;)V+26 java.desktop@21
j  javax.swing.JComponent.paint(Ljava/awt/Graphics;)V+286 java.desktop@21
j  javax.swing.JComponent.paintChildren(Ljava/awt/Graphics;)V+516 java.desktop@21
j  javax.swing.JComponent.paint(Ljava/awt/Graphics;)V+318 java.desktop@21
j  javax.swing.JComponent.paintChildren(Ljava/awt/Graphics;)V+516 java.desktop@21
j  javax.swing.JComponent.paint(Ljava/awt/Graphics;)V+318 java.desktop@21
j  javax.swing.JComponent.paintChildren(Ljava/awt/Graphics;)V+516 java.desktop@21
j  javax.swing.JComponent.paint(Ljava/awt/Graphics;)V+318 java.desktop@21
j  javax.swing.JComponent.paintChildren(Ljava/awt/Graphics;)V+516 java.desktop@21
j  javax.swing.JComponent.paint(Ljava/awt/Graphics;)V+318 java.desktop@21
j  javax.swing.JComponent.paintChildren(Ljava/awt/Graphics;)V+516 java.desktop@21
j  javax.swing.JComponent.paint(Ljava/awt/Graphics;)V+318 java.desktop@21
j  javax.swing.JLayeredPane.paint(Ljava/awt/Graphics;)V+73 java.desktop@21
j  javax.swing.JComponent.paintChildren(Ljava/awt/Graphics;)V+516 java.desktop@21
j  javax.swing.JComponent.paintToOffscreen(Ljava/awt/Graphics;IIIIII)V+72 java.desktop@21
j  javax.swing.RepaintManager$PaintManager.paintDoubleBufferedFPScales(Ljavax/swing/JComponent;Ljava/awt/Image;Ljava/awt/Graphics;IIII)V+320 java.desktop@21
j  javax.swing.RepaintManager$PaintManager.paintDoubleBuffered(Ljavax/swing/JComponent;Ljava/awt/Image;Ljava/awt/Graphics;IIII)V+28 java.desktop@21
j  javax.swing.RepaintManager$PaintManager.paint(Ljavax/swing/JComponent;Ljavax/swing/JComponent;Ljava/awt/Graphics;IIII)Z+128 java.desktop@21
j  javax.swing.RepaintManager.paint(Ljavax/swing/JComponent;Ljavax/swing/JComponent;Ljava/awt/Graphics;IIII)V+52 java.desktop@21
j  javax.swing.JComponent.paint(Ljava/awt/Graphics;)V+221 java.desktop@21
j  java.awt.GraphicsCallback$PaintCallback.run(Ljava/awt/Component;Ljava/awt/Graphics;)V+2 java.desktop@21
j  sun.awt.SunGraphicsCallback.runOneComponent(Ljava/awt/Component;Ljava/awt/Rectangle;Ljava/awt/Graphics;Ljava/awt/Shape;I)V+130 java.desktop@21
j  sun.awt.SunGraphicsCallback.runComponents([Ljava/awt/Component;Ljava/awt/Graphics;I)V+157 java.desktop@21
j  java.awt.Container.paint(Ljava/awt/Graphics;)V+58 java.desktop@21
j  java.awt.Window.paint(Ljava/awt/Graphics;)V+68 java.desktop@21
j  javax.swing.RepaintManager$4.run()Ljava/lang/Void;+142 java.desktop@21
j  javax.swing.RepaintManager$4.run()Ljava/lang/Object;+1 java.desktop@21
j  java.security.AccessController.executePrivileged(Ljava/security/PrivilegedAction;Ljava/security/AccessControlContext;Ljava/lang/Class;)Ljava/lang/Object;+29 java.base@21
j  java.security.AccessController.doPrivileged(Ljava/security/PrivilegedAction;Ljava/security/AccessControlContext;)Ljava/lang/Object;+13 java.base@21
j  java.security.ProtectionDomain$JavaSecurityAccessImpl.doIntersectionPrivilege(Ljava/security/PrivilegedAction;Ljava/security/AccessControlContext;Ljava/security/AccessControlContext;)Ljava/lang/Object;+18 java.base@21
j  javax.swing.RepaintManager.paintDirtyRegions(Ljava/util/Map;)V+154 java.desktop@21
j  javax.swing.RepaintManager.paintDirtyRegions()V+46 java.desktop@21
j  javax.swing.RepaintManager.prePaintDirtyRegions()V+73 java.desktop@21
j  javax.swing.RepaintManager$ProcessingRunnable.run()V+37 java.desktop@21
j  java.awt.event.InvocationEvent.dispatch()V+47 java.desktop@21
j  java.awt.EventQueue.dispatchEventImpl(Ljava/awt/AWTEvent;Ljava/lang/Object;)V+21 java.desktop@21
j  java.awt.EventQueue$4.run()Ljava/lang/Void;+32 java.desktop@21
j  java.awt.EventQueue$4.run()Ljava/lang/Object;+1 java.desktop@21
j  java.security.AccessController.executePrivileged(Ljava/security/PrivilegedAction;Ljava/security/AccessControlContext;Ljava/lang/Class;)Ljava/lang/Object;+29 java.base@21
j  java.security.AccessController.doPrivileged(Ljava/security/PrivilegedAction;Ljava/security/AccessControlContext;)Ljava/lang/Object;+13 java.base@21
j  java.security.ProtectionDomain$JavaSecurityAccessImpl.doIntersectionPrivilege(Ljava/security/PrivilegedAction;Ljava/security/AccessControlContext;Ljava/security/AccessControlContext;)Ljava/lang/Object;+18 java.base@21
j  java.awt.EventQueue.dispatchEvent(Ljava/awt/AWTEvent;)V+46 java.desktop@21
j  java.awt.EventDispatchThread.pumpOneEventForFilters(I)V+81 java.desktop@21
j  java.awt.EventDispatchThread.pumpEventsForFilter(ILjava/awt/Conditional;Ljava/awt/EventFilter;)V+35 java.desktop@21
j  java.awt.EventDispatchThread.pumpEventsForHierarchy(ILjava/awt/Conditional;Ljava/awt/Component;)V+11 java.desktop@21
j  java.awt.EventDispatchThread.pumpEvents(ILjava/awt/Conditional;)V+4 java.desktop@21
j  java.awt.EventDispatchThread.pumpEvents(Ljava/awt/Conditional;)V+3 java.desktop@21
j  java.awt.EventDispatchThread.run()V+9 java.desktop@21
v  ~StubRoutines::call_stub 0x000001984ac5100d
new  187 new  [0x000001984ac6a6c0, 0x000001984ac6a8c8]  520 bytes
[MachCode]
  0x000001984ac6a6c0: 4883 ec08 | c5fa 1104 | 24eb 1f48 | 83ec 10c5 | fb11 0424 | eb14 4883 | ec10 4889 | 0424 48c7 
  0x000001984ac6a6e0: 4424 0800 | 0000 00eb | 0150 410f | b755 010f | cac1 ea10 | 488b 4de8 | 488b 4908 | 488b 4908 
  0x000001984ac6a700: 488b 4108 | 807c 1004 | 070f 85d3 | 0000 0066 | 8b54 d148 | 488b 4928 | 488b 4cd1 | 0851 80b9 
  0x000001984ac6a720: 2001 0000 | 050f 85b6 | 0000 008b | 5108 f6c2 | 010f 85aa | 0000 0049 | 8b87 b801 | 0000 488d 
  0x000001984ac6a740: 1c10 493b | 9fc8 0100 | 000f 8792 | 0000 0049 | 899f b801 | 0000 4883 | ea10 0f84 | 0f00 0000 
  0x000001984ac6a760: 33c9 c1ea | 0348 894c | d008 48ff | ca75 f648 | c700 0100 | 0000 5933 | f689 700c | 49ba 0000 
  0x000001984ac6a780: 005a 9801 | 0000 492b | ca89 4808 | 49ba 1a05 | 164e fe7f | 0000 4180 | 3a00 0f84 | 3c00 0000 
  0x000001984ac6a7a0: 5048 8bc8 | 4883 ec20 | 40f6 c40f | 0f84 1900 | 0000 4883 | ec08 48b8 | c0e8 c64d | fe7f 0000 
  0x000001984ac6a7c0: ffd0 4883 | c408 e90c | 0000 0048 | b8c0 e8c6 | 4dfe 7f00 | 00ff d048 | 83c4 2058 | e9cb 0000 
  0x000001984ac6a7e0: 0059 488b | 55e8 488b | 5208 488b | 5208 450f | b745 0141 | 0fc8 41c1 | e810 e805 | 0000 00e9 
  0x000001984ac6a800: a800 0000 | 488d 4424 | 084c 896d | c049 8bcf | c5f8 7749 | 89af a803 | 0000 4989 | 8798 0300 
  0x000001984ac6a820: 0048 83ec | 2040 f6c4 | 0f0f 8419 | 0000 0048 | 83ec 0848 | b860 3491 | 4dfe 7f00 | 00ff d048 
  0x000001984ac6a840: 83c4 08e9 | 0c00 0000 | 48b8 6034 | 914d fe7f | 0000 ffd0 | 4883 c420 | 49c7 8798 | 0300 0000 
  0x000001984ac6a860: 0000 0049 | c787 a803 | 0000 0000 | 0000 49c7 | 87a0 0300 | 0000 0000 | 00c5 f877 | 4983 7f08 
  0x000001984ac6a880: 000f 8405 | 0000 00e9 | 7466 feff | 498b 87f0 | 0300 0049 | c787 f003 | 0000 0000 | 0000 4c8b 
  0x000001984ac6a8a0: 6dc0 4c8b | 75c8 4e8d | 74f5 00c3 | 410f b65d | 0349 83c5 | 0349 bac0 | be18 4efe | 7f00 0041 
  0x000001984ac6a8c0: ff24 da0f | 1f44 0000 
[/MachCode]

---------------  P R O C E S S  ---------------

Threads class SMR info:
_java_thread_list=0x00000198a5d04760, length=18, elements={
0x0000019859f4ae50, 0x0000019859f4f8c0, 0x0000019859f515b0, 0x0000019859f53020,
0x0000019859f5ba90, 0x0000019859f5e110, 0x0000019859f63fc0, 0x0000019859f64670,
0x000001989f23b9e0, 0x000001989f25c630, 0x000001989f43bf40, 0x000001989f4447a0,
0x000001989f451220, 0x000001989f4b7bd0, 0x00000198391599f0, 0x00000198a589dd00,
0x00000198a5959b00, 0x00000198a5a29ea0
}

Java Threads: ( => current thread )
  0x0000019859f4ae50 JavaThread "Reference Handler"          daemon [_thread_blocked, id=13780, stack(0x00000054bf900000,0x00000054bfa00000) (1024K)]
  0x0000019859f4f8c0 JavaThread "Finalizer"                  daemon [_thread_blocked, id=5020, stack(0x00000054bfa00000,0x00000054bfb00000) (1024K)]
  0x0000019859f515b0 JavaThread "Signal Dispatcher"          daemon [_thread_blocked, id=13932, stack(0x00000054bfb00000,0x00000054bfc00000) (1024K)]
  0x0000019859f53020 JavaThread "Attach Listener"            daemon [_thread_blocked, id=22644, stack(0x00000054bfc00000,0x00000054bfd00000) (1024K)]
  0x0000019859f5ba90 JavaThread "Service Thread"             daemon [_thread_blocked, id=23132, stack(0x00000054bfd00000,0x00000054bfe00000) (1024K)]
  0x0000019859f5e110 JavaThread "Monitor Deflation Thread"   daemon [_thread_blocked, id=10188, stack(0x00000054bfe00000,0x00000054bff00000) (1024K)]
  0x0000019859f63fc0 JavaThread "C2 CompilerThread0"         daemon [_thread_blocked, id=21868, stack(0x00000054bff00000,0x00000054c0000000) (1024K)]
  0x0000019859f64670 JavaThread "C1 CompilerThread0"         daemon [_thread_blocked, id=6780, stack(0x00000054c0000000,0x00000054c0100000) (1024K)]
  0x000001989f23b9e0 JavaThread "Notification Thread"        daemon [_thread_blocked, id=8236, stack(0x00000054c0100000,0x00000054c0200000) (1024K)]
  0x000001989f25c630 JavaThread "Common-Cleaner"             daemon [_thread_blocked, id=11272, stack(0x00000054c0200000,0x00000054c0300000) (1024K)]
  0x000001989f43bf40 JavaThread "Java2D Disposer"            daemon [_thread_blocked, id=7724, stack(0x00000054c0300000,0x00000054c0400000) (1024K)]
  0x000001989f4447a0 JavaThread "AWT-Shutdown"                      [_thread_blocked, id=5264, stack(0x00000054c0400000,0x00000054c0500000) (1024K)]
  0x000001989f451220 JavaThread "AWT-Windows"                daemon [_thread_in_native, id=21340, stack(0x00000054c0500000,0x00000054c0600000) (1024K)]
=>0x000001989f4b7bd0 JavaThread "AWT-EventQueue-0"                  [_thread_in_vm, id=3112, stack(0x00000054c0600000,0x00000054c0700000) (1024K)]
  0x00000198391599f0 JavaThread "DestroyJavaVM"                     [_thread_blocked, id=21456, stack(0x00000054bf100000,0x00000054bf200000) (1024K)]
  0x00000198a589dd00 JavaThread "TimerQueue"                 daemon [_thread_blocked, id=7976, stack(0x00000054c1400000,0x00000054c1500000) (1024K)]
  0x00000198a5959b00 JavaThread "Image Fetcher 0"            daemon [_thread_blocked, id=21016, stack(0x00000054c1600000,0x00000054c1700000) (1024K)]
  0x00000198a5a29ea0 JavaThread "mysql-cj-abandoned-connection-cleanup" daemon [_thread_blocked, id=4660, stack(0x00000054c1800000,0x00000054c1900000) (1024K)]
Total: 18

Other Threads:
  0x0000019859f308c0 VMThread "VM Thread"                           [id=9200, stack(0x00000054bf800000,0x00000054bf900000) (1024K)]
  0x0000019859f18860 WatcherThread "VM Periodic Task Thread"        [id=25784, stack(0x00000054bf700000,0x00000054bf800000) (1024K)]
  0x000001983b317870 WorkerThread "GC Thread#0"                     [id=19616, stack(0x00000054bf200000,0x00000054bf300000) (1024K)]
  0x00000198a5ebcd80 WorkerThread "GC Thread#1"                     [id=22184, stack(0x00000054c1900000,0x00000054c1a00000) (1024K)]
  0x00000198a5ebd120 WorkerThread "GC Thread#2"                     [id=9556, stack(0x00000054c1a00000,0x00000054c1b00000) (1024K)]
  0x00000198a5ebd4c0 WorkerThread "GC Thread#3"                     [id=24256, stack(0x00000054c1b00000,0x00000054c1c00000) (1024K)]
  0x00000198a5ebd860 WorkerThread "GC Thread#4"                     [id=22064, stack(0x00000054c1c00000,0x00000054c1d00000) (1024K)]
  0x00000198a5f04090 WorkerThread "GC Thread#5"                     [id=26656, stack(0x00000054c1d00000,0x00000054c1e00000) (1024K)]
  0x00000198a5b522d0 WorkerThread "GC Thread#6"                     [id=18944, stack(0x00000054c1e00000,0x00000054c1f00000) (1024K)]
  0x00000198a5d0e9c0 WorkerThread "GC Thread#7"                     [id=26968, stack(0x00000054c1f00000,0x00000054c2000000) (1024K)]
  0x000001983b344470 ConcurrentGCThread "G1 Main Marker"            [id=10408, stack(0x00000054bf300000,0x00000054bf400000) (1024K)]
  0x000001983b345690 WorkerThread "G1 Conc#0"                       [id=21600, stack(0x00000054bf400000,0x00000054bf500000) (1024K)]
  0x000001983b38e940 ConcurrentGCThread "G1 Refine#0"               [id=21984, stack(0x00000054bf500000,0x00000054bf600000) (1024K)]
  0x0000019859dee940 ConcurrentGCThread "G1 Service"                [id=13596, stack(0x00000054bf600000,0x00000054bf700000) (1024K)]
Total: 14

Threads with active compile tasks:
Total: 0

VM state: not at safepoint (normal execution)

VM Mutex/Monitor currently owned by a thread:  ([mutex/lock_event])
[0x00007ffe4e1764c8] Metaspace_lock - owner thread: 0x000001989f4b7bd0

Heap address: 0x0000000711000000, size: 3824 MB, Compressed Oops mode: Zero based, Oop shift amount: 3

CDS archive(s) mapped at: [0x000001985a000000-0x000001985ac90000-0x000001985ac90000), size 13172736, SharedBaseAddress: 0x000001985a000000, ArchiveRelocationMode: 1.
Compressed class space mapped at: 0x000001985b000000-0x000001989b000000, reserved size: 1073741824
Narrow klass base: 0x000001985a000000, Narrow klass shift: 0, Narrow klass range: 0x100000000

GC Precious Log:
 CardTable entry size: 512
 Card Set container configuration: InlinePtr #cards 4 size 8 Array Of Cards #cards 16 size 48 Howl #buckets 8 coarsen threshold 3686 Howl Bitmap #cards 512 size 80 coarsen threshold 460 Card regions per heap region 1 cards per card region 4096
 CPUs: 8 total, 8 available
 Memory: 15293M
 Large Page Support: Disabled
 NUMA Support: Disabled
 Compressed Oops: Enabled (Zero based)
 Heap Region Size: 2M
 Heap Min Capacity: 8M
 Heap Initial Capacity: 240M
 Heap Max Capacity: 3824M
 Pre-touch: Disabled
 Parallel Workers: 8
 Concurrent Workers: 2
 Concurrent Refinement Workers: 8
 Periodic GC: Disabled

Heap:
 garbage-first heap   total 245760K, used 13339K [0x0000000711000000, 0x0000000800000000)
  region size 2048K, 4 young (8192K), 2 survivors (4096K)
 Metaspace       used 15978K, committed 16256K, reserved 1114112K
  class space    used 1810K, committed 1920K, reserved 1048576K

Heap Regions: E=young(eden), S=young(survivor), O=old, HS=humongous(starts), HC=humongous(continues), CS=collection set, F=free, TAMS=top-at-mark-start, PB=parsable bottom
|   0|0x0000000711000000, 0x0000000711106d38, 0x0000000711200000| 51%| O|  |TAMS 0x0000000711000000| PB 0x0000000711000000| Untracked 
|   1|0x0000000711200000, 0x0000000711400000, 0x0000000711400000|100%|HS|  |TAMS 0x0000000711200000| PB 0x0000000711200000| Complete 
|   2|0x0000000711400000, 0x0000000711600000, 0x0000000711600000|100%|HC|  |TAMS 0x0000000711400000| PB 0x0000000711400000| Complete 
|   3|0x0000000711600000, 0x0000000711800000, 0x0000000711800000|100%|HC|  |TAMS 0x0000000711600000| PB 0x0000000711600000| Complete 
|   4|0x0000000711800000, 0x0000000711800000, 0x0000000711a00000|  0%| F|  |TAMS 0x0000000711800000| PB 0x0000000711800000| Untracked 
|   5|0x0000000711a00000, 0x0000000711a00000, 0x0000000711c00000|  0%| F|  |TAMS 0x0000000711a00000| PB 0x0000000711a00000| Untracked 
|   6|0x0000000711c00000, 0x0000000711c00000, 0x0000000711e00000|  0%| F|  |TAMS 0x0000000711c00000| PB 0x0000000711c00000| Untracked 
|   7|0x0000000711e00000, 0x0000000711e00000, 0x0000000712000000|  0%| F|  |TAMS 0x0000000711e00000| PB 0x0000000711e00000| Untracked 
|   8|0x0000000712000000, 0x0000000712000000, 0x0000000712200000|  0%| F|  |TAMS 0x0000000712000000| PB 0x0000000712000000| Untracked 
|   9|0x0000000712200000, 0x0000000712200000, 0x0000000712400000|  0%| F|  |TAMS 0x0000000712200000| PB 0x0000000712200000| Untracked 
|  10|0x0000000712400000, 0x0000000712400000, 0x0000000712600000|  0%| F|  |TAMS 0x0000000712400000| PB 0x0000000712400000| Untracked 
|  11|0x0000000712600000, 0x0000000712600000, 0x0000000712800000|  0%| F|  |TAMS 0x0000000712600000| PB 0x0000000712600000| Untracked 
|  12|0x0000000712800000, 0x0000000712800000, 0x0000000712a00000|  0%| F|  |TAMS 0x0000000712800000| PB 0x0000000712800000| Untracked 
|  13|0x0000000712a00000, 0x0000000712a00000, 0x0000000712c00000|  0%| F|  |TAMS 0x0000000712a00000| PB 0x0000000712a00000| Untracked 
|  14|0x0000000712c00000, 0x0000000712c00000, 0x0000000712e00000|  0%| F|  |TAMS 0x0000000712c00000| PB 0x0000000712c00000| Untracked 
|  15|0x0000000712e00000, 0x0000000712e00000, 0x0000000713000000|  0%| F|  |TAMS 0x0000000712e00000| PB 0x0000000712e00000| Untracked 
|  16|0x0000000713000000, 0x0000000713000000, 0x0000000713200000|  0%| F|  |TAMS 0x0000000713000000| PB 0x0000000713000000| Untracked 
|  17|0x0000000713200000, 0x0000000713200000, 0x0000000713400000|  0%| F|  |TAMS 0x0000000713200000| PB 0x0000000713200000| Untracked 
|  18|0x0000000713400000, 0x0000000713400000, 0x0000000713600000|  0%| F|  |TAMS 0x0000000713400000| PB 0x0000000713400000| Untracked 
|  19|0x0000000713600000, 0x0000000713600000, 0x0000000713800000|  0%| F|  |TAMS 0x0000000713600000| PB 0x0000000713600000| Untracked 
|  20|0x0000000713800000, 0x0000000713800000, 0x0000000713a00000|  0%| F|  |TAMS 0x0000000713800000| PB 0x0000000713800000| Untracked 
|  21|0x0000000713a00000, 0x0000000713a00000, 0x0000000713c00000|  0%| F|  |TAMS 0x0000000713a00000| PB 0x0000000713a00000| Untracked 
|  22|0x0000000713c00000, 0x0000000713c00000, 0x0000000713e00000|  0%| F|  |TAMS 0x0000000713c00000| PB 0x0000000713c00000| Untracked 
|  23|0x0000000713e00000, 0x0000000713e00000, 0x0000000714000000|  0%| F|  |TAMS 0x0000000713e00000| PB 0x0000000713e00000| Untracked 
|  24|0x0000000714000000, 0x0000000714000000, 0x0000000714200000|  0%| F|  |TAMS 0x0000000714000000| PB 0x0000000714000000| Untracked 
|  25|0x0000000714200000, 0x0000000714200000, 0x0000000714400000|  0%| F|  |TAMS 0x0000000714200000| PB 0x0000000714200000| Untracked 
|  26|0x0000000714400000, 0x0000000714400000, 0x0000000714600000|  0%| F|  |TAMS 0x0000000714400000| PB 0x0000000714400000| Untracked 
|  27|0x0000000714600000, 0x0000000714600000, 0x0000000714800000|  0%| F|  |TAMS 0x0000000714600000| PB 0x0000000714600000| Untracked 
|  28|0x0000000714800000, 0x0000000714800000, 0x0000000714a00000|  0%| F|  |TAMS 0x0000000714800000| PB 0x0000000714800000| Untracked 
|  29|0x0000000714a00000, 0x0000000714a00000, 0x0000000714c00000|  0%| F|  |TAMS 0x0000000714a00000| PB 0x0000000714a00000| Untracked 
|  30|0x0000000714c00000, 0x0000000714c00000, 0x0000000714e00000|  0%| F|  |TAMS 0x0000000714c00000| PB 0x0000000714c00000| Untracked 
|  31|0x0000000714e00000, 0x0000000714e00000, 0x0000000715000000|  0%| F|  |TAMS 0x0000000714e00000| PB 0x0000000714e00000| Untracked 
|  32|0x0000000715000000, 0x0000000715000000, 0x0000000715200000|  0%| F|  |TAMS 0x0000000715000000| PB 0x0000000715000000| Untracked 
|  33|0x0000000715200000, 0x0000000715200000, 0x0000000715400000|  0%| F|  |TAMS 0x0000000715200000| PB 0x0000000715200000| Untracked 
|  34|0x0000000715400000, 0x0000000715400000, 0x0000000715600000|  0%| F|  |TAMS 0x0000000715400000| PB 0x0000000715400000| Untracked 
|  35|0x0000000715600000, 0x0000000715600000, 0x0000000715800000|  0%| F|  |TAMS 0x0000000715600000| PB 0x0000000715600000| Untracked 
|  36|0x0000000715800000, 0x0000000715800000, 0x0000000715a00000|  0%| F|  |TAMS 0x0000000715800000| PB 0x0000000715800000| Untracked 
|  37|0x0000000715a00000, 0x0000000715a00000, 0x0000000715c00000|  0%| F|  |TAMS 0x0000000715a00000| PB 0x0000000715a00000| Untracked 
|  38|0x0000000715c00000, 0x0000000715c00000, 0x0000000715e00000|  0%| F|  |TAMS 0x0000000715c00000| PB 0x0000000715c00000| Untracked 
|  39|0x0000000715e00000, 0x0000000715e00000, 0x0000000716000000|  0%| F|  |TAMS 0x0000000715e00000| PB 0x0000000715e00000| Untracked 
|  40|0x0000000716000000, 0x0000000716000000, 0x0000000716200000|  0%| F|  |TAMS 0x0000000716000000| PB 0x0000000716000000| Untracked 
|  41|0x0000000716200000, 0x0000000716200000, 0x0000000716400000|  0%| F|  |TAMS 0x0000000716200000| PB 0x0000000716200000| Untracked 
|  42|0x0000000716400000, 0x0000000716400000, 0x0000000716600000|  0%| F|  |TAMS 0x0000000716400000| PB 0x0000000716400000| Untracked 
|  43|0x0000000716600000, 0x0000000716600000, 0x0000000716800000|  0%| F|  |TAMS 0x0000000716600000| PB 0x0000000716600000| Untracked 
|  44|0x0000000716800000, 0x0000000716800000, 0x0000000716a00000|  0%| F|  |TAMS 0x0000000716800000| PB 0x0000000716800000| Untracked 
|  45|0x0000000716a00000, 0x0000000716a00000, 0x0000000716c00000|  0%| F|  |TAMS 0x0000000716a00000| PB 0x0000000716a00000| Untracked 
|  46|0x0000000716c00000, 0x0000000716c00000, 0x0000000716e00000|  0%| F|  |TAMS 0x0000000716c00000| PB 0x0000000716c00000| Untracked 
|  47|0x0000000716e00000, 0x0000000716e00000, 0x0000000717000000|  0%| F|  |TAMS 0x0000000716e00000| PB 0x0000000716e00000| Untracked 
|  48|0x0000000717000000, 0x0000000717000000, 0x0000000717200000|  0%| F|  |TAMS 0x0000000717000000| PB 0x0000000717000000| Untracked 
|  49|0x0000000717200000, 0x0000000717200000, 0x0000000717400000|  0%| F|  |TAMS 0x0000000717200000| PB 0x0000000717200000| Untracked 
|  50|0x0000000717400000, 0x0000000717400000, 0x0000000717600000|  0%| F|  |TAMS 0x0000000717400000| PB 0x0000000717400000| Untracked 
|  51|0x0000000717600000, 0x0000000717600000, 0x0000000717800000|  0%| F|  |TAMS 0x0000000717600000| PB 0x0000000717600000| Untracked 
|  52|0x0000000717800000, 0x0000000717800000, 0x0000000717a00000|  0%| F|  |TAMS 0x0000000717800000| PB 0x0000000717800000| Untracked 
|  53|0x0000000717a00000, 0x0000000717a00000, 0x0000000717c00000|  0%| F|  |TAMS 0x0000000717a00000| PB 0x0000000717a00000| Untracked 
|  54|0x0000000717c00000, 0x0000000717c00000, 0x0000000717e00000|  0%| F|  |TAMS 0x0000000717c00000| PB 0x0000000717c00000| Untracked 
|  55|0x0000000717e00000, 0x0000000717e00000, 0x0000000718000000|  0%| F|  |TAMS 0x0000000717e00000| PB 0x0000000717e00000| Untracked 
|  56|0x0000000718000000, 0x0000000718000000, 0x0000000718200000|  0%| F|  |TAMS 0x0000000718000000| PB 0x0000000718000000| Untracked 
|  57|0x0000000718200000, 0x0000000718200000, 0x0000000718400000|  0%| F|  |TAMS 0x0000000718200000| PB 0x0000000718200000| Untracked 
|  58|0x0000000718400000, 0x0000000718400000, 0x0000000718600000|  0%| F|  |TAMS 0x0000000718400000| PB 0x0000000718400000| Untracked 
|  59|0x0000000718600000, 0x0000000718600000, 0x0000000718800000|  0%| F|  |TAMS 0x0000000718600000| PB 0x0000000718600000| Untracked 
|  60|0x0000000718800000, 0x0000000718800000, 0x0000000718a00000|  0%| F|  |TAMS 0x0000000718800000| PB 0x0000000718800000| Untracked 
|  61|0x0000000718a00000, 0x0000000718a00000, 0x0000000718c00000|  0%| F|  |TAMS 0x0000000718a00000| PB 0x0000000718a00000| Untracked 
|  62|0x0000000718c00000, 0x0000000718c00000, 0x0000000718e00000|  0%| F|  |TAMS 0x0000000718c00000| PB 0x0000000718c00000| Untracked 
|  63|0x0000000718e00000, 0x0000000718e00000, 0x0000000719000000|  0%| F|  |TAMS 0x0000000718e00000| PB 0x0000000718e00000| Untracked 
|  64|0x0000000719000000, 0x0000000719000000, 0x0000000719200000|  0%| F|  |TAMS 0x0000000719000000| PB 0x0000000719000000| Untracked 
|  65|0x0000000719200000, 0x0000000719200000, 0x0000000719400000|  0%| F|  |TAMS 0x0000000719200000| PB 0x0000000719200000| Untracked 
|  66|0x0000000719400000, 0x0000000719400000, 0x0000000719600000|  0%| F|  |TAMS 0x0000000719400000| PB 0x0000000719400000| Untracked 
|  67|0x0000000719600000, 0x0000000719600000, 0x0000000719800000|  0%| F|  |TAMS 0x0000000719600000| PB 0x0000000719600000| Untracked 
|  68|0x0000000719800000, 0x0000000719800000, 0x0000000719a00000|  0%| F|  |TAMS 0x0000000719800000| PB 0x0000000719800000| Untracked 
|  69|0x0000000719a00000, 0x0000000719a00000, 0x0000000719c00000|  0%| F|  |TAMS 0x0000000719a00000| PB 0x0000000719a00000| Untracked 
|  70|0x0000000719c00000, 0x0000000719c00000, 0x0000000719e00000|  0%| F|  |TAMS 0x0000000719c00000| PB 0x0000000719c00000| Untracked 
|  71|0x0000000719e00000, 0x0000000719e00000, 0x000000071a000000|  0%| F|  |TAMS 0x0000000719e00000| PB 0x0000000719e00000| Untracked 
|  72|0x000000071a000000, 0x000000071a000000, 0x000000071a200000|  0%| F|  |TAMS 0x000000071a000000| PB 0x000000071a000000| Untracked 
|  73|0x000000071a200000, 0x000000071a200000, 0x000000071a400000|  0%| F|  |TAMS 0x000000071a200000| PB 0x000000071a200000| Untracked 
|  74|0x000000071a400000, 0x000000071a400000, 0x000000071a600000|  0%| F|  |TAMS 0x000000071a400000| PB 0x000000071a400000| Untracked 
|  75|0x000000071a600000, 0x000000071a600000, 0x000000071a800000|  0%| F|  |TAMS 0x000000071a600000| PB 0x000000071a600000| Untracked 
|  76|0x000000071a800000, 0x000000071a800000, 0x000000071aa00000|  0%| F|  |TAMS 0x000000071a800000| PB 0x000000071a800000| Untracked 
|  77|0x000000071aa00000, 0x000000071aa00000, 0x000000071ac00000|  0%| F|  |TAMS 0x000000071aa00000| PB 0x000000071aa00000| Untracked 
|  78|0x000000071ac00000, 0x000000071ac00000, 0x000000071ae00000|  0%| F|  |TAMS 0x000000071ac00000| PB 0x000000071ac00000| Untracked 
|  79|0x000000071ae00000, 0x000000071ae00000, 0x000000071b000000|  0%| F|  |TAMS 0x000000071ae00000| PB 0x000000071ae00000| Untracked 
|  80|0x000000071b000000, 0x000000071b000000, 0x000000071b200000|  0%| F|  |TAMS 0x000000071b000000| PB 0x000000071b000000| Untracked 
|  81|0x000000071b200000, 0x000000071b200000, 0x000000071b400000|  0%| F|  |TAMS 0x000000071b200000| PB 0x000000071b200000| Untracked 
|  82|0x000000071b400000, 0x000000071b400000, 0x000000071b600000|  0%| F|  |TAMS 0x000000071b400000| PB 0x000000071b400000| Untracked 
|  83|0x000000071b600000, 0x000000071b600000, 0x000000071b800000|  0%| F|  |TAMS 0x000000071b600000| PB 0x000000071b600000| Untracked 
|  84|0x000000071b800000, 0x000000071b800000, 0x000000071ba00000|  0%| F|  |TAMS 0x000000071b800000| PB 0x000000071b800000| Untracked 
|  85|0x000000071ba00000, 0x000000071ba00000, 0x000000071bc00000|  0%| F|  |TAMS 0x000000071ba00000| PB 0x000000071ba00000| Untracked 
|  86|0x000000071bc00000, 0x000000071bc00000, 0x000000071be00000|  0%| F|  |TAMS 0x000000071bc00000| PB 0x000000071bc00000| Untracked 
|  87|0x000000071be00000, 0x000000071be00000, 0x000000071c000000|  0%| F|  |TAMS 0x000000071be00000| PB 0x000000071be00000| Untracked 
|  88|0x000000071c000000, 0x000000071c000000, 0x000000071c200000|  0%| F|  |TAMS 0x000000071c000000| PB 0x000000071c000000| Untracked 
|  89|0x000000071c200000, 0x000000071c200000, 0x000000071c400000|  0%| F|  |TAMS 0x000000071c200000| PB 0x000000071c200000| Untracked 
|  90|0x000000071c400000, 0x000000071c400000, 0x000000071c600000|  0%| F|  |TAMS 0x000000071c400000| PB 0x000000071c400000| Untracked 
|  91|0x000000071c600000, 0x000000071c600000, 0x000000071c800000|  0%| F|  |TAMS 0x000000071c600000| PB 0x000000071c600000| Untracked 
|  92|0x000000071c800000, 0x000000071c800000, 0x000000071ca00000|  0%| F|  |TAMS 0x000000071c800000| PB 0x000000071c800000| Untracked 
|  93|0x000000071ca00000, 0x000000071ca00000, 0x000000071cc00000|  0%| F|  |TAMS 0x000000071ca00000| PB 0x000000071ca00000| Untracked 
|  94|0x000000071cc00000, 0x000000071cc00000, 0x000000071ce00000|  0%| F|  |TAMS 0x000000071cc00000| PB 0x000000071cc00000| Untracked 
|  95|0x000000071ce00000, 0x000000071ce00000, 0x000000071d000000|  0%| F|  |TAMS 0x000000071ce00000| PB 0x000000071ce00000| Untracked 
|  96|0x000000071d000000, 0x000000071d000000, 0x000000071d200000|  0%| F|  |TAMS 0x000000071d000000| PB 0x000000071d000000| Untracked 
|  97|0x000000071d200000, 0x000000071d200000, 0x000000071d400000|  0%| F|  |TAMS 0x000000071d200000| PB 0x000000071d200000| Untracked 
|  98|0x000000071d400000, 0x000000071d400000, 0x000000071d600000|  0%| F|  |TAMS 0x000000071d400000| PB 0x000000071d400000| Untracked 
|  99|0x000000071d600000, 0x000000071d600000, 0x000000071d800000|  0%| F|  |TAMS 0x000000071d600000| PB 0x000000071d600000| Untracked 
| 100|0x000000071d800000, 0x000000071d800000, 0x000000071da00000|  0%| F|  |TAMS 0x000000071d800000| PB 0x000000071d800000| Untracked 
| 101|0x000000071da00000, 0x000000071da00000, 0x000000071dc00000|  0%| F|  |TAMS 0x000000071da00000| PB 0x000000071da00000| Untracked 
| 102|0x000000071dc00000, 0x000000071dc00000, 0x000000071de00000|  0%| F|  |TAMS 0x000000071dc00000| PB 0x000000071dc00000| Untracked 
| 103|0x000000071de00000, 0x000000071de00000, 0x000000071e000000|  0%| F|  |TAMS 0x000000071de00000| PB 0x000000071de00000| Untracked 
| 104|0x000000071e000000, 0x000000071e000000, 0x000000071e200000|  0%| F|  |TAMS 0x000000071e000000| PB 0x000000071e000000| Untracked 
| 105|0x000000071e200000, 0x000000071e200000, 0x000000071e400000|  0%| F|  |TAMS 0x000000071e200000| PB 0x000000071e200000| Untracked 
| 106|0x000000071e400000, 0x000000071e400000, 0x000000071e600000|  0%| F|  |TAMS 0x000000071e400000| PB 0x000000071e400000| Untracked 
| 107|0x000000071e600000, 0x000000071e800000, 0x000000071e800000|100%| S|CS|TAMS 0x000000071e600000| PB 0x000000071e600000| Complete 
| 108|0x000000071e800000, 0x000000071ea00000, 0x000000071ea00000|100%| S|CS|TAMS 0x000000071e800000| PB 0x000000071e800000| Complete 
| 109|0x000000071ea00000, 0x000000071ea00000, 0x000000071ec00000|  0%| F|  |TAMS 0x000000071ea00000| PB 0x000000071ea00000| Untracked 
| 110|0x000000071ec00000, 0x000000071ec00000, 0x000000071ee00000|  0%| F|  |TAMS 0x000000071ec00000| PB 0x000000071ec00000| Untracked 
| 111|0x000000071ee00000, 0x000000071ee00000, 0x000000071f000000|  0%| F|  |TAMS 0x000000071ee00000| PB 0x000000071ee00000| Untracked 
| 112|0x000000071f000000, 0x000000071f000000, 0x000000071f200000|  0%| F|  |TAMS 0x000000071f000000| PB 0x000000071f000000| Untracked 
| 113|0x000000071f200000, 0x000000071f200000, 0x000000071f400000|  0%| F|  |TAMS 0x000000071f200000| PB 0x000000071f200000| Untracked 
| 114|0x000000071f400000, 0x000000071f400000, 0x000000071f600000|  0%| F|  |TAMS 0x000000071f400000| PB 0x000000071f400000| Untracked 
| 115|0x000000071f600000, 0x000000071f600000, 0x000000071f800000|  0%| F|  |TAMS 0x000000071f600000| PB 0x000000071f600000| Untracked 
| 116|0x000000071f800000, 0x000000071f800000, 0x000000071fa00000|  0%| F|  |TAMS 0x000000071f800000| PB 0x000000071f800000| Untracked 
| 117|0x000000071fa00000, 0x000000071fa00000, 0x000000071fc00000|  0%| F|  |TAMS 0x000000071fa00000| PB 0x000000071fa00000| Untracked 
| 118|0x000000071fc00000, 0x000000071fdd57f0, 0x000000071fe00000| 91%| E|  |TAMS 0x000000071fc00000| PB 0x000000071fc00000| Complete 
| 119|0x000000071fe00000, 0x0000000720000000, 0x0000000720000000|100%| E|CS|TAMS 0x000000071fe00000| PB 0x000000071fe00000| Complete 

Card table byte_map: [0x00000198531d0000,0x0000019853950000] _byte_map_base: 0x000001984f948000

Marking Bits: (CMBitMap*) 0x000001983b317e80
 Bits: [0x0000019853950000, 0x0000019857510000)

Polling page: 0x0000019839270000

Metaspace:

Usage:
  Non-class:     13.84 MB used.
      Class:      1.77 MB used.
       Both:     15.60 MB used.

Virtual space:
  Non-class space:       64.00 MB reserved,      14.00 MB ( 22%) committed,  1 nodes.
      Class space:        1.00 GB reserved,       1.88 MB ( <1%) committed,  1 nodes.
             Both:        1.06 GB reserved,      15.88 MB (  1%) committed. 

Chunk freelists:
   Non-Class:  2.05 MB
       Class:  14.05 MB
        Both:  16.09 MB

MaxMetaspaceSize: unlimited
CompressedClassSpaceSize: 1.00 GB
Initial GC threshold: 21.00 MB
Current GC threshold: 21.00 MB
CDS: on
 - commit_granule_bytes: 65536.
 - commit_granule_words: 8192.
 - virtual_space_node_default_size: 8388608.
 - enlarge_chunks_in_place: 1.
 - use_allocation_guard: 0.


Internal statistics:

num_allocs_failed_limit: 0.
num_arena_births: 192.
num_arena_deaths: 0.
num_vsnodes_births: 2.
num_vsnodes_deaths: 0.
num_space_committed: 254.
num_space_uncommitted: 0.
num_chunks_returned_to_freelist: 0.
num_chunks_taken_from_freelist: 375.
num_chunk_merges: 0.
num_chunk_splits: 233.
num_chunks_enlarged: 143.
num_inconsistent_stats: 0.

CodeHeap 'non-profiled nmethods': size=120000Kb used=642Kb max_used=642Kb free=119357Kb
 bounds [0x000001984b1f0000, 0x000001984b460000, 0x0000019852720000]
CodeHeap 'profiled nmethods': size=120000Kb used=3555Kb max_used=3555Kb free=116444Kb
 bounds [0x0000019843720000, 0x0000019843aa0000, 0x000001984ac50000]
CodeHeap 'non-nmethods': size=5760Kb used=1698Kb max_used=1705Kb free=4061Kb
 bounds [0x000001984ac50000, 0x000001984aec0000, 0x000001984b1f0000]
 total_blobs=2641 nmethods=1901 adapters=645
 compilation: enabled
              stopped_count=0, restarted_count=0
 full_count=0

Compilation events (20 events):
Event: 1.726 Thread 0x0000019859f64670 1892       3       sun.java2d.SurfaceData::getTransparency (8 bytes)
Event: 1.726 Thread 0x0000019859f64670 nmethod 1892 0x0000019843a94690 code [0x0000019843a94840, 0x0000019843a94a30]
Event: 1.729 Thread 0x0000019859f64670 1893       3       sun.awt.image.SunVolatileImage::getWidth (5 bytes)
Event: 1.730 Thread 0x0000019859f64670 nmethod 1893 0x0000019843a94b10 code [0x0000019843a94ca0, 0x0000019843a94dd8]
Event: 1.730 Thread 0x0000019859f64670 1894       3       sun.awt.image.SunVolatileImage::getHeight (5 bytes)
Event: 1.730 Thread 0x0000019859f64670 nmethod 1894 0x0000019843a94e90 code [0x0000019843a95020, 0x0000019843a95158]
Event: 1.732 Thread 0x0000019859f64670 1895       3       java.awt.geom.Rectangle2D$Float::getHeight (6 bytes)
Event: 1.733 Thread 0x0000019859f64670 nmethod 1895 0x0000019843a95210 code [0x0000019843a953a0, 0x0000019843a954b8]
Event: 1.733 Thread 0x0000019859f64670 1896       1       sun.java2d.pipe.hw.ContextCapabilities::getCaps (5 bytes)
Event: 1.733 Thread 0x0000019859f64670 nmethod 1896 0x000001984b290610 code [0x000001984b2907a0, 0x000001984b290868]
Event: 1.736 Thread 0x0000019859f64670 1897       3       sun.awt.image.PixelConverter$ArgbPre::rgbToPixel (100 bytes)
Event: 1.737 Thread 0x0000019859f64670 nmethod 1897 0x0000019843a95590 code [0x0000019843a95740, 0x0000019843a95908]
Event: 1.737 Thread 0x0000019859f64670 1898       3       sun.java2d.SunGraphics2D::setRenderingHint (543 bytes)
Event: 1.739 Thread 0x0000019859f64670 nmethod 1898 0x0000019843a95990 code [0x0000019843a95ca0, 0x0000019843a97440]
Event: 1.739 Thread 0x0000019859f64670 1899  s    3       sun.java2d.loops.RenderCache::get (100 bytes)
Event: 1.740 Thread 0x0000019859f64670 nmethod 1899 0x0000019843a97890 code [0x0000019843a97aa0, 0x0000019843a98298]
Event: 1.742 Thread 0x0000019859f64670 1900       3       sun.awt.SunHints$Value::equals (11 bytes)
Event: 1.742 Thread 0x0000019859f64670 nmethod 1900 0x0000019843a98510 code [0x0000019843a986a0, 0x0000019843a98808]
Event: 1.745 Thread 0x0000019859f64670 1901       3       java.awt.image.PackedColorModel::countBits (44 bytes)
Event: 1.746 Thread 0x0000019859f64670 nmethod 1901 0x0000019843a98890 code [0x0000019843a98a40, 0x0000019843a98d40]

GC Heap History (2 events):
Event: 1.301 GC heap before
{Heap before GC invocations=0 (full 0):
 garbage-first heap   total 245760K, used 22528K [0x0000000711000000, 0x0000000800000000)
  region size 2048K, 11 young (22528K), 0 survivors (0K)
 Metaspace       used 14581K, committed 14784K, reserved 1114112K
  class space    used 1656K, committed 1728K, reserved 1048576K
}
Event: 1.308 GC heap after
{Heap after GC invocations=1 (full 0):
 garbage-first heap   total 245760K, used 5147K [0x0000000711000000, 0x0000000800000000)
  region size 2048K, 2 young (4096K), 2 survivors (4096K)
 Metaspace       used 14581K, committed 14784K, reserved 1114112K
  class space    used 1656K, committed 1728K, reserved 1048576K
}

Dll operation events (11 events):
Event: 0.008 Loaded shared library C:\Program Files\Java\jdk-21\bin\java.dll
Event: 0.045 Loaded shared library C:\Program Files\Java\jdk-21\bin\jsvml.dll
Event: 0.091 Loaded shared library C:\Program Files\Java\jdk-21\bin\net.dll
Event: 0.093 Loaded shared library C:\Program Files\Java\jdk-21\bin\nio.dll
Event: 0.101 Loaded shared library C:\Program Files\Java\jdk-21\bin\zip.dll
Event: 0.125 Loaded shared library C:\Program Files\Java\jdk-21\bin\jimage.dll
Event: 0.148 Loaded shared library C:\Program Files\Java\jdk-21\bin\awt.dll
Event: 0.299 Loaded shared library C:\Program Files\Java\jdk-21\bin\freetype.dll
Event: 0.301 Loaded shared library C:\Program Files\Java\jdk-21\bin\fontmanager.dll
Event: 0.576 Loaded shared library C:\Program Files\Java\jdk-21\bin\verify.dll
Event: 1.197 Loaded shared library C:\Program Files\Java\jdk-21\bin\extnet.dll

Deoptimization events (20 events):
Event: 1.350 Thread 0x000001989f4b7bd0 Uncommon trap: trap_request=0xffffff45 fr.pc=0x000001984b270198 relative=0x0000000000000178
Event: 1.350 Thread 0x000001989f4b7bd0 Uncommon trap: reason=unstable_if action=reinterpret pc=0x000001984b270198 method=java.util.concurrent.locks.ReentrantLock$NonfairSync.initialTryLock()Z @ 25 c2
Event: 1.350 Thread 0x000001989f4b7bd0 DEOPT PACKING pc=0x000001984b270198 sp=0x00000054c06feac0
Event: 1.350 Thread 0x000001989f4b7bd0 DEOPT UNPACKING pc=0x000001984aca46a2 sp=0x00000054c06fea60 mode 2
Event: 1.350 Thread 0x000001989f4b7bd0 Uncommon trap: trap_request=0xffffff45 fr.pc=0x000001984b2708fc relative=0x000000000000013c
Event: 1.350 Thread 0x000001989f4b7bd0 Uncommon trap: reason=unstable_if action=reinterpret pc=0x000001984b2708fc method=java.util.concurrent.locks.ReentrantLock$Sync.tryRelease(I)Z @ 26 c2
Event: 1.350 Thread 0x000001989f4b7bd0 DEOPT PACKING pc=0x000001984b2708fc sp=0x00000054c06feb10
Event: 1.350 Thread 0x000001989f4b7bd0 DEOPT UNPACKING pc=0x000001984aca46a2 sp=0x00000054c06fe9f0 mode 2
Event: 1.372 Thread 0x000001989f4b7bd0 Uncommon trap: trap_request=0xffffff45 fr.pc=0x000001984b236b00 relative=0x0000000000001ac0
Event: 1.372 Thread 0x000001989f4b7bd0 Uncommon trap: reason=unstable_if action=reinterpret pc=0x000001984b236b00 method=java.lang.ref.SoftReference.get()Ljava/lang/Object; @ 17 c2
Event: 1.372 Thread 0x000001989f4b7bd0 DEOPT PACKING pc=0x000001984b236b00 sp=0x00000054c06fd8a0
Event: 1.372 Thread 0x000001989f4b7bd0 DEOPT UNPACKING pc=0x000001984aca46a2 sp=0x00000054c06fd790 mode 2
Event: 1.386 Thread 0x000001989f4b7bd0 Uncommon trap: trap_request=0xffffff45 fr.pc=0x000001984b1f3f4c relative=0x000000000000012c
Event: 1.386 Thread 0x000001989f4b7bd0 Uncommon trap: reason=unstable_if action=reinterpret pc=0x000001984b1f3f4c method=java.lang.StringCoding.countPositives([BII)I @ 17 c2
Event: 1.386 Thread 0x000001989f4b7bd0 DEOPT PACKING pc=0x000001984b1f3f4c sp=0x00000054c06fe6f0
Event: 1.386 Thread 0x000001989f4b7bd0 DEOPT UNPACKING pc=0x000001984aca46a2 sp=0x00000054c06fe678 mode 2
Event: 1.702 Thread 0x000001989f4b7bd0 Uncommon trap: trap_request=0xffffff45 fr.pc=0x000001984b283038 relative=0x00000000000003b8
Event: 1.702 Thread 0x000001989f4b7bd0 Uncommon trap: reason=unstable_if action=reinterpret pc=0x000001984b283038 method=java.awt.MultipleGradientPaintContext.indexIntoGradientsArrays(F)I @ 93 c2
Event: 1.702 Thread 0x000001989f4b7bd0 DEOPT PACKING pc=0x000001984b283038 sp=0x00000054c06fcc30
Event: 1.702 Thread 0x000001989f4b7bd0 DEOPT UNPACKING pc=0x000001984aca46a2 sp=0x00000054c06fcbb8 mode 2

Classes loaded (20 events):
Event: 1.574 Loading class sun/java2d/marlin/DMarlinRenderingEngine$NormMode$2 done
Event: 1.574 Loading class sun/java2d/marlin/DMarlinRenderingEngine$NormMode$3
Event: 1.574 Loading class sun/java2d/marlin/DMarlinRenderingEngine$NormMode$3 done
Event: 1.574 Loading class java/awt/geom/RoundRectIterator
Event: 1.574 Loading class java/awt/geom/RoundRectIterator done
Event: 1.574 Loading class sun/java2d/marlin/Helpers
Event: 1.574 Loading class sun/java2d/marlin/Helpers done
Event: 1.578 Loading class java/awt/LinearGradientPaintContext
Event: 1.579 Loading class java/awt/MultipleGradientPaintContext
Event: 1.579 Loading class java/awt/PaintContext
Event: 1.579 Loading class java/awt/PaintContext done
Event: 1.579 Loading class java/awt/MultipleGradientPaintContext done
Event: 1.579 Loading class java/awt/LinearGradientPaintContext done
Event: 1.580 Loading class sun/java2d/pipe/AlphaPaintPipe$TileContext
Event: 1.580 Loading class sun/java2d/pipe/AlphaPaintPipe$TileContext done
Event: 1.745 Loading class java/awt/geom/Path2D$Float$TxIterator
Event: 1.745 Loading class java/awt/geom/Path2D$Iterator
Event: 1.746 Loading class java/awt/geom/Path2D$Iterator done
Event: 1.746 Loading class java/awt/geom/Path2D$Float$TxIterator done
Event: 1.746 Loading class java/awt/geom/Path2D$Float$CopyIterator

Classes unloaded (0 events):
No events

Classes redefined (0 events):
No events

Internal exceptions (20 events):
Event: 0.345 Thread 0x00000198391599f0 Exception <a 'java/lang/ClassNotFoundException'{0x000000071fba4620}: Tree> (0x000000071fba4620) 
thrown [s\open\src\hotspot\share\classfile\systemDictionary.cpp, line 312]
Event: 0.345 Thread 0x00000198391599f0 Exception <a 'java/lang/ClassNotFoundException'{0x000000071fba4b18}: Tree> (0x000000071fba4b18) 
thrown [s\open\src\hotspot\share\classfile\systemDictionary.cpp, line 312]
Event: 0.345 Thread 0x00000198391599f0 Exception <a 'java/lang/ClassNotFoundException'{0x000000071fba4e88}: javax/swing/JTreeCell> (0x000000071fba4e88) 
thrown [s\open\src\hotspot\share\classfile\systemDictionary.cpp, line 312]
Event: 0.345 Thread 0x00000198391599f0 Exception <a 'java/lang/ClassNotFoundException'{0x000000071fba5190}: TreeCell> (0x000000071fba5190) 
thrown [s\open\src\hotspot\share\classfile\systemDictionary.cpp, line 312]
Event: 0.346 Thread 0x00000198391599f0 Exception <a 'java/lang/ClassNotFoundException'{0x000000071fba5938}: RootPane> (0x000000071fba5938) 
thrown [s\open\src\hotspot\share\classfile\systemDictionary.cpp, line 312]
Event: 0.348 Thread 0x00000198391599f0 Exception <a 'java/lang/ClassNotFoundException'{0x000000071fba86c8}: com/sun/swing/internal/plaf/metal/resources/spi/metalProvider> (0x000000071fba86c8) 
thrown [s\open\src\hotspot\share\classfile\systemDictionary.cpp, line 312]
Event: 0.349 Thread 0x00000198391599f0 Exception <a 'java/lang/ClassNotFoundException'{0x000000071fbac378}: com/sun/swing/internal/plaf/basic/resources/spi/basicProvider> (0x000000071fbac378) 
thrown [s\open\src\hotspot\share\classfile\systemDictionary.cpp, line 312]
Event: 0.473 Thread 0x000001989f4b7bd0 Exception <a 'java/lang/ClassNotFoundException'{0x000000071f888580}: com/sun/swing/internal/plaf/synth/resources/spi/synthProvider> (0x000000071f888580) 
thrown [s\open\src\hotspot\share\classfile\systemDictionary.cpp, line 312]
Event: 0.496 Thread 0x000001989f4b7bd0 Exception <a 'java/lang/NoSuchMethodError'{0x000000071f8cbb40}: 'int java.lang.invoke.Invokers$Holder.invokeExact_MT(java.lang.Object, java.lang.Object)'> (0x000000071f8cbb40) 
thrown [s\open\src\hotspot\share\interpreter\linkResolver.cpp, line 773]
Event: 0.508 Thread 0x000001989f4b7bd0 Exception <a 'java/lang/NoSuchMethodError'{0x000000071f8d9b88}: 'java.lang.Object java.lang.invoke.DirectMethodHandle$Holder.newInvokeSpecial(java.lang.Object, java.lang.Object, int)'> (0x000000071f8d9b88) 
thrown [s\open\src\hotspot\share\interpreter\linkResolver.cpp, line 773]
Event: 0.509 Thread 0x000001989f4b7bd0 Exception <a 'java/lang/NoSuchMethodError'{0x000000071f8dea38}: 'int java.lang.invoke.DirectMethodHandle$Holder.invokeSpecial(java.lang.Object, java.lang.Object, java.lang.Object, int)'> (0x000000071f8dea38) 
thrown [s\open\src\hotspot\share\interpreter\linkResolver.cpp, line 773]
Event: 0.511 Thread 0x000001989f4b7bd0 Exception <a 'java/lang/NoSuchMethodError'{0x000000071f8f12d0}: 'java.lang.Object java.lang.invoke.DirectMethodHandle$Holder.invokeStatic(java.lang.Object, java.lang.Object, java.lang.Object, java.lang.Object, int)'> (0x000000071f8f12d0) 
thrown [s\open\src\hotspot\share\interpreter\linkResolver.cpp, line 773]
Event: 0.513 Thread 0x000001989f4b7bd0 Exception <a 'java/lang/NoSuchMethodError'{0x000000071f8fcb30}: 'int java.lang.invoke.DirectMethodHandle$Holder.invokeSpecial(java.lang.Object, java.lang.Object, java.lang.Object)'> (0x000000071f8fcb30) 
thrown [s\open\src\hotspot\share\interpreter\linkResolver.cpp, line 773]
Event: 0.699 Thread 0x00000198a5959b00 Exception <a 'java/lang/NoSuchMethodError'{0x000000071f47f770}: 'java.lang.Object java.lang.invoke.DirectMethodHandle$Holder.newInvokeSpecial(java.lang.Object, java.lang.Object, java.lang.Object, int, int, int, int, int)'> (0x000000071f47f770) 
thrown [s\open\src\hotspot\share\interpreter\linkResolver.cpp, line 773]
Event: 0.752 Thread 0x000001989f4b7bd0 Exception <a 'java/lang/NoSuchMethodError'{0x000000071f45dc60}: 'void java.lang.invoke.DirectMethodHandle$Holder.invokeStaticInit(java.lang.Object)'> (0x000000071f45dc60) 
thrown [s\open\src\hotspot\share\interpreter\linkResolver.cpp, line 773]
Event: 0.976 Thread 0x000001989f451220 Exception <a 'java/lang/NoSuchMethodError'{0x000000071fa0e9a8}: 'void java.lang.invoke.DirectMethodHandle$Holder.invokeVirtual(java.lang.Object, java.lang.Object)'> (0x000000071fa0e9a8) 
thrown [s\open\src\hotspot\share\interpreter\linkResolver.cpp, line 773]
Event: 1.012 Thread 0x000001989f4b7bd0 Exception <a 'java/lang/NoSuchMethodError'{0x000000071f105b50}: 'void java.lang.invoke.DirectMethodHandle$Holder.invokeStatic(java.lang.Object, java.lang.Object)'> (0x000000071f105b50) 
thrown [s\open\src\hotspot\share\interpreter\linkResolver.cpp, line 773]
Event: 1.045 Thread 0x000001989f4b7bd0 Exception <a 'java/lang/NoSuchMethodError'{0x000000071ee13ee0}: 'java.lang.Object java.lang.invoke.DirectMethodHandle$Holder.invokeInterface(java.lang.Object, java.lang.Object)'> (0x000000071ee13ee0) 
thrown [s\open\src\hotspot\share\interpreter\linkResolver.cpp, line 773]
Event: 1.072 Thread 0x000001989f4b7bd0 Exception <a 'java/lang/NoSuchMethodError'{0x000000071ee8c4e8}: 'void java.lang.invoke.DirectMethodHandle$Holder.invokeStatic(java.lang.Object, java.lang.Object, java.lang.Object)'> (0x000000071ee8c4e8) 
thrown [s\open\src\hotspot\share\interpreter\linkResolver.cpp, line 773]
Event: 1.073 Thread 0x000001989f4b7bd0 Exception <a 'java/lang/NoSuchMethodError'{0x000000071ee95578}: 'java.lang.Object java.lang.invoke.DirectMethodHandle$Holder.invokeVirtual(java.lang.Object, java.lang.Object, java.lang.Object)'> (0x000000071ee95578) 
thrown [s\open\src\hotspot\share\interpreter\linkResolver.cpp, line 773]

ZGC Phase Switch (0 events):
No events

VM Operations (20 events):
Event: 0.519 Executing VM operation: HandshakeAllThreads (Deoptimize)
Event: 0.519 Executing VM operation: HandshakeAllThreads (Deoptimize) done
Event: 0.527 Executing VM operation: HandshakeAllThreads (Deoptimize)
Event: 0.527 Executing VM operation: HandshakeAllThreads (Deoptimize) done
Event: 0.570 Executing VM operation: HandshakeAllThreads (Deoptimize)
Event: 0.570 Executing VM operation: HandshakeAllThreads (Deoptimize) done
Event: 0.610 Executing VM operation: HandshakeAllThreads (Deoptimize)
Event: 0.610 Executing VM operation: HandshakeAllThreads (Deoptimize) done
Event: 0.868 Executing VM operation: ICBufferFull
Event: 0.868 Executing VM operation: ICBufferFull done
Event: 1.281 Executing VM operation: HandshakeAllThreads (Deoptimize)
Event: 1.281 Executing VM operation: HandshakeAllThreads (Deoptimize) done
Event: 1.301 Executing VM operation: G1CollectForAllocation (G1 Evacuation Pause)
Event: 1.308 Executing VM operation: G1CollectForAllocation (G1 Evacuation Pause) done
Event: 1.315 Executing VM operation: HandshakeAllThreads (Deoptimize)
Event: 1.315 Executing VM operation: HandshakeAllThreads (Deoptimize) done
Event: 1.440 Executing VM operation: HandshakeAllThreads (Deoptimize)
Event: 1.440 Executing VM operation: HandshakeAllThreads (Deoptimize) done
Event: 1.452 Executing VM operation: HandshakeAllThreads (Deoptimize)
Event: 1.452 Executing VM operation: HandshakeAllThreads (Deoptimize) done

Events (20 events):
Event: 0.043 Thread 0x0000019859f4f8c0 Thread added: 0x0000019859f4f8c0
Event: 0.043 Thread 0x0000019859f515b0 Thread added: 0x0000019859f515b0
Event: 0.043 Thread 0x0000019859f53020 Thread added: 0x0000019859f53020
Event: 0.043 Thread 0x0000019859f5ba90 Thread added: 0x0000019859f5ba90
Event: 0.043 Thread 0x0000019859f5e110 Thread added: 0x0000019859f5e110
Event: 0.043 Thread 0x0000019859f63fc0 Thread added: 0x0000019859f63fc0
Event: 0.044 Thread 0x0000019859f64670 Thread added: 0x0000019859f64670
Event: 0.067 Thread 0x000001989f23b9e0 Thread added: 0x000001989f23b9e0
Event: 0.072 Thread 0x000001989f25c630 Thread added: 0x000001989f25c630
Event: 0.218 Thread 0x000001989f43bf40 Thread added: 0x000001989f43bf40
Event: 0.220 Thread 0x000001989f4447a0 Thread added: 0x000001989f4447a0
Event: 0.222 Thread 0x000001989f451220 Thread added: 0x000001989f451220
Event: 0.360 Thread 0x000001989f4b7bd0 Thread added: 0x000001989f4b7bd0
Event: 0.360 Thread 0x00000198391599f0 Thread exited: 0x00000198391599f0
Event: 0.360 Thread 0x00000198391599f0 Thread added: 0x00000198391599f0
Event: 0.601 Thread 0x00000198a589dd00 Thread added: 0x00000198a589dd00
Event: 0.676 Thread 0x00000198a58f8e80 Thread added: 0x00000198a58f8e80
Event: 0.694 Thread 0x00000198a5959b00 Thread added: 0x00000198a5959b00
Event: 1.013 Thread 0x00000198a5a29ea0 Thread added: 0x00000198a5a29ea0
Event: 1.573 Thread 0x00000198a58f8e80 Thread exited: 0x00000198a58f8e80


Dynamic libraries:
0x00007ff7caa10000 - 0x00007ff7caa20000 	C:\Program Files\Java\jdk-21\bin\javaw.exe
0x00007ffe8fd50000 - 0x00007ffe8ff48000 	C:\Windows\SYSTEM32\ntdll.dll
0x00007ffe8dd80000 - 0x00007ffe8de3d000 	C:\Windows\System32\KERNEL32.DLL
0x00007ffe8d800000 - 0x00007ffe8daf6000 	C:\Windows\System32\KERNELBASE.dll
0x00007ffe8dbe0000 - 0x00007ffe8dce0000 	C:\Windows\System32\ucrtbase.dll
0x00007ffe86b90000 - 0x00007ffe86bab000 	C:\Program Files\Java\jdk-21\bin\VCRUNTIME140.dll
0x00007ffe86db0000 - 0x00007ffe86dc9000 	C:\Program Files\Java\jdk-21\bin\jli.dll
0x00007ffe8e480000 - 0x00007ffe8e52f000 	C:\Windows\System32\ADVAPI32.dll
0x00007ffe8e3e0000 - 0x00007ffe8e47e000 	C:\Windows\System32\msvcrt.dll
0x00007ffe8f810000 - 0x00007ffe8f8ac000 	C:\Windows\System32\sechost.dll
0x00007ffe8f260000 - 0x00007ffe8f386000 	C:\Windows\System32\RPCRT4.dll
0x00007ffe82f20000 - 0x00007ffe831ba000 	C:\Windows\WinSxS\amd64_microsoft.windows.common-controls_6595b64144ccf1df_6.0.19041.3636_none_60b6a03d71f818d5\COMCTL32.dll
0x00007ffe8fae0000 - 0x00007ffe8fc7e000 	C:\Windows\System32\USER32.dll
0x00007ffe8dd50000 - 0x00007ffe8dd72000 	C:\Windows\System32\win32u.dll
0x00007ffe8f710000 - 0x00007ffe8f73c000 	C:\Windows\System32\GDI32.dll
0x00007ffe8d630000 - 0x00007ffe8d74a000 	C:\Windows\System32\gdi32full.dll
0x00007ffe8d400000 - 0x00007ffe8d49d000 	C:\Windows\System32\msvcp_win.dll
0x00007ffe84a60000 - 0x00007ffe84a6a000 	C:\Windows\SYSTEM32\VERSION.dll
0x00007ffe8e0b0000 - 0x00007ffe8e0e0000 	C:\Windows\System32\IMM32.DLL
0x00007ffe88d40000 - 0x00007ffe88d4c000 	C:\Program Files\Java\jdk-21\bin\vcruntime140_1.dll
0x00007ffe5e350000 - 0x00007ffe5e3de000 	C:\Program Files\Java\jdk-21\bin\msvcp140.dll
0x00007ffe4d540000 - 0x00007ffe4e253000 	C:\Program Files\Java\jdk-21\bin\server\jvm.dll
0x00007ffe8e9a0000 - 0x00007ffe8ea0b000 	C:\Windows\System32\WS2_32.dll
0x00007ffe8d260000 - 0x00007ffe8d2ab000 	C:\Windows\SYSTEM32\POWRPROF.dll
0x00007ffe6db90000 - 0x00007ffe6dbb7000 	C:\Windows\SYSTEM32\WINMM.dll
0x00007ffe8d240000 - 0x00007ffe8d252000 	C:\Windows\SYSTEM32\UMPDC.dll
0x00007ffe8bc10000 - 0x00007ffe8bc22000 	C:\Windows\SYSTEM32\kernel.appcore.dll
0x00007ffe88d50000 - 0x00007ffe88d5a000 	C:\Program Files\Java\jdk-21\bin\jimage.dll
0x00007ffe8afc0000 - 0x00007ffe8b1a4000 	C:\Windows\SYSTEM32\DBGHELP.DLL
0x00007ffe6dbc0000 - 0x00007ffe6dbf4000 	C:\Windows\SYSTEM32\dbgcore.DLL
0x00007ffe8db50000 - 0x00007ffe8dbd2000 	C:\Windows\System32\bcryptPrimitives.dll
0x00007ffe88ba0000 - 0x00007ffe88bbf000 	C:\Program Files\Java\jdk-21\bin\java.dll
0x00007ffe8eab0000 - 0x00007ffe8f1f5000 	C:\Windows\System32\SHELL32.dll
0x00007ffe8b1b0000 - 0x00007ffe8b94b000 	C:\Windows\SYSTEM32\windows.storage.dll
0x00007ffe8f3b0000 - 0x00007ffe8f704000 	C:\Windows\System32\combase.dll
0x00007ffe8cc90000 - 0x00007ffe8ccbd000 	C:\Windows\SYSTEM32\Wldp.dll
0x00007ffe8e290000 - 0x00007ffe8e33d000 	C:\Windows\System32\SHCORE.dll
0x00007ffe8fc80000 - 0x00007ffe8fcd5000 	C:\Windows\System32\shlwapi.dll
0x00007ffe8d330000 - 0x00007ffe8d355000 	C:\Windows\SYSTEM32\profapi.dll
0x00007ffe5e3e0000 - 0x00007ffe5e4b7000 	C:\Program Files\Java\jdk-21\bin\jsvml.dll
0x00007ffe87c30000 - 0x00007ffe87c40000 	C:\Program Files\Java\jdk-21\bin\net.dll
0x00007ffe84900000 - 0x00007ffe84a0a000 	C:\Windows\SYSTEM32\WINHTTP.dll
0x00007ffe8ca70000 - 0x00007ffe8cada000 	C:\Windows\system32\mswsock.dll
0x00007ffe86b70000 - 0x00007ffe86b86000 	C:\Program Files\Java\jdk-21\bin\nio.dll
0x00007ffe86a00000 - 0x00007ffe86a18000 	C:\Program Files\Java\jdk-21\bin\zip.dll
0x00007ffe5ba80000 - 0x00007ffe5bc0f000 	C:\Program Files\Java\jdk-21\bin\awt.dll
0x00007ffe8f740000 - 0x00007ffe8f80d000 	C:\Windows\System32\OLEAUT32.dll
0x00007ffe8a670000 - 0x00007ffe8a700000 	C:\Windows\SYSTEM32\apphelp.dll
0x00007ffe8a850000 - 0x00007ffe8a8ee000 	C:\Windows\system32\uxtheme.dll
0x00007ffe8f910000 - 0x00007ffe8fa24000 	C:\Windows\System32\MSCTF.dll
0x00007ffe8df20000 - 0x00007ffe8e04b000 	C:\Windows\System32\ole32.dll
0x00007ffe8aa30000 - 0x00007ffe8aa5f000 	C:\Windows\system32\DWMAPI.DLL
0x00007ffe5deb0000 - 0x00007ffe5df37000 	C:\Program Files\Java\jdk-21\bin\freetype.dll
0x00007ffe5d140000 - 0x00007ffe5d213000 	C:\Program Files\Java\jdk-21\bin\fontmanager.dll
0x00007ffe87e50000 - 0x00007ffe87f75000 	C:\Windows\system32\opengl32.dll
0x00007ffe49970000 - 0x00007ffe4999c000 	C:\Windows\SYSTEM32\GLU32.dll
0x00007ffe49740000 - 0x00007ffe4990d000 	C:\Windows\system32\d3d9.dll
0x00007ffe6dc00000 - 0x00007ffe6ddbb000 	C:\Windows\System32\DriverStore\FileRepository\u0396094.inf_amd64_a90ea54eeab05481\B395672\aticfx64.dll
0x00007ffe2ac70000 - 0x00007ffe2aca4000 	C:\Windows\System32\DriverStore\FileRepository\u0396094.inf_amd64_a90ea54eeab05481\B395672\atiu9p64.dll
0x00007ffe29cd0000 - 0x00007ffe2aa17000 	C:\Windows\System32\DriverStore\FileRepository\u0396094.inf_amd64_a90ea54eeab05481\B395672\atiumd64.dll
0x000000005a5d0000 - 0x000000005b4e3000 	C:\Windows\System32\DriverStore\FileRepository\u0396094.inf_amd64_a90ea54eeab05481\B395672\atiumd6a.dll
0x00007ffe8e530000 - 0x00007ffe8e99e000 	C:\Windows\System32\SETUPAPI.dll
0x00007ffe8db00000 - 0x00007ffe8db4e000 	C:\Windows\System32\cfgmgr32.dll
0x00007ffe8d4a0000 - 0x00007ffe8d4c7000 	C:\Windows\System32\bcrypt.dll
0x00007ffe6db10000 - 0x00007ffe6db45000 	C:\Windows\SYSTEM32\amdihk64.dll
0x00007ffe6ddc0000 - 0x00007ffe6ddfb000 	C:\Windows\SYSTEM32\dxcore.dll
0x00007ffe87c20000 - 0x00007ffe87c30000 	C:\Program Files\Java\jdk-21\bin\verify.dll
0x00007ffe8fa30000 - 0x00007ffe8fad9000 	C:\Windows\System32\clbcatq.dll
0x00007ffe6ecc0000 - 0x00007ffe6ee74000 	C:\Windows\SYSTEM32\WindowsCodecs.dll
0x00007ffe65450000 - 0x00007ffe6548e000 	C:\Windows\system32\dataexchange.dll
0x00007ffe891d0000 - 0x00007ffe89433000 	C:\Windows\system32\d3d11.dll
0x00007ffe89b60000 - 0x00007ffe89d43000 	C:\Windows\system32\dcomp.dll
0x00007ffe8bc80000 - 0x00007ffe8bd73000 	C:\Windows\system32\dxgi.dll
0x00007ffe84c40000 - 0x00007ffe84e43000 	C:\Windows\system32\twinapi.appcore.dll
0x00007ffe8c7c0000 - 0x00007ffe8c88a000 	C:\Windows\SYSTEM32\DNSAPI.dll
0x00007ffe8c780000 - 0x00007ffe8c7bb000 	C:\Windows\SYSTEM32\IPHLPAPI.DLL
0x00007ffe8e340000 - 0x00007ffe8e348000 	C:\Windows\System32\NSI.dll
0x00007ffe83ab0000 - 0x00007ffe83aba000 	C:\Windows\System32\rasadhlp.dll
0x00007ffe83b90000 - 0x00007ffe83c10000 	C:\Windows\System32\fwpuclnt.dll
0x00007ffe865d0000 - 0x00007ffe865d7000 	C:\Program Files\Java\jdk-21\bin\extnet.dll
0x00007ffe6d850000 - 0x00007ffe6d949000 	C:\Windows\SYSTEM32\textinputframework.dll
0x00007ffe8a430000 - 0x00007ffe8a522000 	C:\Windows\System32\CoreMessaging.dll
0x00007ffe8a0d0000 - 0x00007ffe8a42b000 	C:\Windows\System32\CoreUIComponents.dll
0x00007ffe8c4e0000 - 0x00007ffe8c513000 	C:\Windows\SYSTEM32\ntmarta.dll
0x00007ffe89a00000 - 0x00007ffe89b55000 	C:\Windows\SYSTEM32\wintypes.dll

dbghelp: loaded successfully - version: 4.0.5 - missing functions: none
symbol engine: initialized successfully - sym options: 0x614 - pdb path: .;C:\Program Files\Java\jdk-21\bin;C:\Windows\SYSTEM32;C:\Windows\WinSxS\amd64_microsoft.windows.common-controls_6595b64144ccf1df_6.0.19041.3636_none_60b6a03d71f818d5;C:\Program Files\Java\jdk-21\bin\server;C:\Windows\System32\DriverStore\FileRepository\u0396094.inf_amd64_a90ea54eeab05481\B395672

VM Arguments:
jvm_args: -Dfile.encoding=UTF-8 -Dstdout.encoding=UTF-8 -Dstderr.encoding=UTF-8 -XX:+ShowCodeDetailsInExceptionMessages 
java_command: gestionbibliotheque.Livres
java_class_path (initial): C:\Users\HP\Desktop\GestionBibliotheque\GestionBibliotheque\bin;C:\Users\HP\Documents\mysql-connector-j-8.2.0.jar;C:\Users\HP\Downloads\jcalendar-1.4\lib\jcalendar-1.4.jar;C:\Users\HP\Downloads\rs2xml.jar
Launcher Type: SUN_STANDARD

[Global flags]
     intx CICompilerCount                          = 4                                         {product} {ergonomic}
     uint ConcGCThreads                            = 2                                         {product} {ergonomic}
     uint G1ConcRefinementThreads                  = 8                                         {product} {ergonomic}
   size_t G1HeapRegionSize                         = 2097152                                   {product} {ergonomic}
    uintx GCDrainStackTargetSize                   = 64                                        {product} {ergonomic}
   size_t InitialHeapSize                          = 251658240                                 {product} {ergonomic}
   size_t MarkStackSize                            = 4194304                                   {product} {ergonomic}
   size_t MaxHeapSize                              = 4009754624                                {product} {ergonomic}
   size_t MaxNewSize                               = 2405433344                                {product} {ergonomic}
   size_t MinHeapDeltaBytes                        = 2097152                                   {product} {ergonomic}
   size_t MinHeapSize                              = 8388608                                   {product} {ergonomic}
    uintx NonNMethodCodeHeapSize                   = 5839372                                {pd product} {ergonomic}
    uintx NonProfiledCodeHeapSize                  = 122909434                              {pd product} {ergonomic}
    uintx ProfiledCodeHeapSize                     = 122909434                              {pd product} {ergonomic}
    uintx ReservedCodeCacheSize                    = 251658240                              {pd product} {ergonomic}
     bool SegmentedCodeCache                       = true                                      {product} {ergonomic}
     bool ShowCodeDetailsInExceptionMessages       = true                                   {manageable} {command line}
   size_t SoftMaxHeapSize                          = 4009754624                             {manageable} {ergonomic}
     bool UseCompressedOops                        = true                           {product lp64_product} {ergonomic}
     bool UseG1GC                                  = true                                      {product} {ergonomic}
     bool UseLargePagesIndividualAllocation        = false                                  {pd product} {ergonomic}

Logging:
Log output configuration:
 #0: stdout all=warning uptime,level,tags foldmultilines=false
 #1: stderr all=off uptime,level,tags foldmultilines=false

Environment Variables:
PATH=C:/Program Files/Java/jdk-21/bin/server;C:/Program Files/Java/jdk-21/bin;D:\Oracle19c\WINDOWS.X64_193000_db_home\bin;C:\Oracle19c\WINDOWS.X64_193000_db_home\bin;C:\Users\HP\Desktop\WINDOWS.X64_193000_db_home\bin;D:\VMware Workstation Pro 17\bin\;C:\Users\HP\Downloads\WINDOWS.X64_193000_db_home\bin;C:\Program Files\Common Files\Oracle\Java\javapath;C:\Program Files (x86)\Common Files\Oracle\Java\javapath;C:\Program Files\Microsoft\jdk-11.0.16.101-hotspot\bin;C:\Windows\system32;C:\Windows;C:\Windows\System32\Wbem;C:\Windows\System32\WindowsPowerShell\v1.0\;C:\Windows\System32\OpenSSH\;C:\Program Files (x86)\dotnet\;C:\Program Files (x86)\Microsoft SQL Server\160\Tools\Binn\;C:\Program Files\Microsoft SQL Server\160\Tools\Binn\;C:\Program Files\Microsoft SQL Server\Client SDK\ODBC\170\Tools\Binn\;C:\Program Files\Microsoft SQL Server\160\DTS\Binn\;C:\Program Files (x86)\Microsoft SQL Server\160\DTS\Binn\;C:\Program Files\Azure Data Studio\bin;C:\Program Files\Git\cmd;C:\Program Files\Microsoft SQL Server\150\Tools\Binn\;C:\Program Files\PuTTY\;C:\Program Files\dotnet\;C:\Program Files\Docker\Docker\resources\bin;C:\Program Files\nodejs\;C:\TDM-GCC-64\bin;C:\Users\HP\AppData\Local\Microsoft\WindowsApps;C:\Users\HP\AppData\Local\Programs\Microsoft VS Code\bin;C:\Program Files\Azure Data Studio\bin;C:\Program Files\JetBrains\PyCharm Community Edition 2023.1\bin;;C:\Users\HP\.dotnet\tools;C:\Users\HP\AppData\Roaming\npm;C:\Users\HP\Desktop;
USERNAME=Youness
OS=Windows_NT
PROCESSOR_IDENTIFIER=AMD64 Family 23 Model 17 Stepping 0, AuthenticAMD
TMP=C:\Users\HP\AppData\Local\Temp
TEMP=C:\Users\HP\AppData\Local\Temp




---------------  S Y S T E M  ---------------

OS:
 Windows 10 , 64 bit Build 19041 (10.0.19041.3636)
OS uptime: 6 days 5:44 hours
Hyper-V role detected

CPU: total 8 (initial active 8) (8 cores per cpu, 2 threads per core) family 23 model 17 stepping 0 microcode 0x0, cx8, cmov, fxsr, ht, mmx, 3dnowpref, sse, sse2, sse3, ssse3, sse4a, sse4.1, sse4.2, popcnt, lzcnt, tsc, tscinvbit, avx, avx2, aes, clmul, bmi1, bmi2, adx, sha, fma, vzeroupper, clflush, clflushopt, hv, rdtscp, f16c
Processor Information for all 8 processors :
  Max Mhz: 2200, Current Mhz: 2200, Mhz Limit: 2200

Memory: 4k page, system-wide physical 15293M (1635M free)
TotalPageFile size 27581M (AvailPageFile size 10M)
current process WorkingSet (physical memory assigned to process): 142M, peak: 142M
current process commit charge ("private bytes"): 394M, peak: 396M

vm_info: Java HotSpot(TM) 64-Bit Server VM (21+35-LTS-2513) for windows-amd64 JRE (21+35-LTS-2513), built on 2023-08-09T20:25:10Z by "mach5one" with MS VC++ 17.1 (VS2022)

END.
