#
# There is insufficient memory for the Java Runtime Environment to continue.
# Native memory allocation (malloc) failed to allocate 672016 bytes for Chunk::new
# Possible reasons:
#   The system is out of physical RAM or swap space
#   The process is running with CompressedOops enabled, and the Java Heap may be blocking the growth of the native heap
# Possible solutions:
#   Reduce memory load on the system
#   Increase physical memory or swap space
#   Check if swap backing store is full
#   Decrease Java heap size (-Xmx/-Xms)
#   Decrease number of Java threads
#   Decrease Java thread stack sizes (-Xss)
#   Set larger code cache with -XX:ReservedCodeCacheSize=
#   JVM is running with Zero Based Compressed Oops mode in which the Java heap is
#     placed in the first 32GB address space. The Java Heap base address is the
#     maximum limit for the native heap growth. Please use -XX:HeapBaseMinAddress
#     to set the Java Heap base and to place the Java Heap above 32GB virtual address.
# This output file may be truncated or incomplete.
#
#  Out of Memory Error (arena.cpp:166), pid=15772, tid=27128
#
# JRE version: Java(TM) SE Runtime Environment (21.0+35) (build 21+35-LTS-2513)
# Java VM: Java HotSpot(TM) 64-Bit Server VM (21+35-LTS-2513, mixed mode, sharing, tiered, compressed oops, compressed class ptrs, g1 gc, windows-amd64)
# No core dump will be written. Minidumps are not enabled by default on client versions of Windows
#

---------------  S U M M A R Y ------------

Command Line: -Dfile.encoding=UTF-8 -Dstdout.encoding=UTF-8 -Dstderr.encoding=UTF-8 -XX:+ShowCodeDetailsInExceptionMessages gestionbibliotheque.Livres

Host: AMD Ryzen 7 PRO 2700U w/ Radeon Vega Mobile Gfx, 8 cores, 14G,  Windows 10 , 64 bit Build 19041 (10.0.19041.3636)
Time: Wed Jan  3 18:23:55 2024 Maroc (heure d64 bit Build 19041 (10.0.19041.3636) elapsed time: 22.631209 seconds (0d 0h 0m 22s)

---------------  T H R E A D  ---------------

Current thread (0x0000019aa84bbcf0):  JavaThread "C2 CompilerThread1" daemon [_thread_in_native, id=27128, stack(0x0000004c81600000,0x0000004c81700000) (1024K)]


Current CompileTask:
C2:  22631 2846   !   4       sun.awt.shell.Win32ShellFolder2::equals (184 bytes)

Stack: [0x0000004c81600000,0x0000004c81700000]
Native frames: (J=compiled Java code, j=interpreted, Vv=VM code, C=native code)
V  [jvm.dll+0x6c8d39]
V  [jvm.dll+0x854091]
V  [jvm.dll+0x85630e]
V  [jvm.dll+0x8569e3]
V  [jvm.dll+0x2809a6]
V  [jvm.dll+0xc3e6d]
V  [jvm.dll+0xc4383]
V  [jvm.dll+0x2f3cbf]
V  [jvm.dll+0x5f3e46]
V  [jvm.dll+0x25291f]
V  [jvm.dll+0x24ad61]
V  [jvm.dll+0x248cd3]
V  [jvm.dll+0x1c9b91]
V  [jvm.dll+0x2583e9]
V  [jvm.dll+0x2569ca]
V  [jvm.dll+0x3eef66]
V  [jvm.dll+0x7fd2c8]
V  [jvm.dll+0x6c748d]
C  [ucrtbase.dll+0x21bb2]
C  [KERNEL32.DLL+0x17344]
C  [ntdll.dll+0x526b1]


---------------  P R O C E S S  ---------------

Threads class SMR info:
_java_thread_list=0x0000019aa851ca60, length=20, elements={
0x0000019a5c4b1b20, 0x0000019a5c4b2ed0, 0x0000019a5c4b5f40, 0x0000019a5c4b79b0,
0x0000019a5c4bc520, 0x0000019a5c4bd240, 0x0000019a5c4efc40, 0x0000019a5c4f0f00,
0x0000019a5c4bb800, 0x0000019a5c4ba450, 0x0000019a5c4b9dc0, 0x0000019a5c4bb170,
0x0000019a5c4baae0, 0x0000019a5c4bbe90, 0x0000019a5c4bcbb0, 0x0000019aa7ece4c0,
0x0000019aa7ecf1e0, 0x0000019aa7ecde30, 0x0000019aa7ed1fd0, 0x0000019aa84bbcf0
}

Java Threads: ( => current thread )
  0x0000019a5c4b1b20 JavaThread "Reference Handler"          daemon [_thread_blocked, id=1776, stack(0x0000004cfeb00000,0x0000004cfec00000) (1024K)]
  0x0000019a5c4b2ed0 JavaThread "Finalizer"                  daemon [_thread_blocked, id=20680, stack(0x0000004cfec00000,0x0000004cfed00000) (1024K)]
  0x0000019a5c4b5f40 JavaThread "Signal Dispatcher"          daemon [_thread_blocked, id=22956, stack(0x0000004cfed00000,0x0000004cfee00000) (1024K)]
  0x0000019a5c4b79b0 JavaThread "Attach Listener"            daemon [_thread_blocked, id=7588, stack(0x0000004cfee00000,0x0000004cfef00000) (1024K)]
  0x0000019a5c4bc520 JavaThread "Service Thread"             daemon [_thread_blocked, id=11896, stack(0x0000004cfef00000,0x0000004cff000000) (1024K)]
  0x0000019a5c4bd240 JavaThread "Monitor Deflation Thread"   daemon [_thread_blocked, id=23504, stack(0x0000004cff000000,0x0000004cff100000) (1024K)]
  0x0000019a5c4efc40 JavaThread "C2 CompilerThread0"         daemon [_thread_blocked, id=16068, stack(0x0000004cff100000,0x0000004cff200000) (1024K)]
  0x0000019a5c4f0f00 JavaThread "C1 CompilerThread0"         daemon [_thread_blocked, id=22568, stack(0x0000004cff200000,0x0000004cff300000) (1024K)]
  0x0000019a5c4bb800 JavaThread "Notification Thread"        daemon [_thread_blocked, id=23516, stack(0x0000004cff300000,0x0000004cff400000) (1024K)]
  0x0000019a5c4ba450 JavaThread "Common-Cleaner"             daemon [_thread_blocked, id=13420, stack(0x0000004cff400000,0x0000004cff500000) (1024K)]
  0x0000019a5c4b9dc0 JavaThread "Java2D Disposer"            daemon [_thread_blocked, id=23368, stack(0x0000004cff500000,0x0000004cff600000) (1024K)]
  0x0000019a5c4bb170 JavaThread "AWT-Shutdown"                      [_thread_blocked, id=17700, stack(0x0000004cff600000,0x0000004cff700000) (1024K)]
  0x0000019a5c4baae0 JavaThread "AWT-Windows"                daemon [_thread_in_native, id=2372, stack(0x0000004cff700000,0x0000004cff800000) (1024K)]
  0x0000019a5c4bbe90 JavaThread "AWT-EventQueue-0"                  [_thread_in_native, id=19012, stack(0x0000004cff800000,0x0000004cff900000) (1024K)]
  0x0000019a5c4bcbb0 JavaThread "DestroyJavaVM"                     [_thread_blocked, id=21372, stack(0x0000004cfe300000,0x0000004cfe400000) (1024K)]
  0x0000019aa7ece4c0 JavaThread "TimerQueue"                 daemon [_thread_blocked, id=1584, stack(0x0000004c80600000,0x0000004c80700000) (1024K)]
  0x0000019aa7ecf1e0 JavaThread "mysql-cj-abandoned-connection-cleanup" daemon [_thread_blocked, id=25216, stack(0x0000004c80a00000,0x0000004c80b00000) (1024K)]
  0x0000019aa7ecde30 JavaThread "D3D Screen Updater"         daemon [_thread_blocked, id=15780, stack(0x0000004c81200000,0x0000004c81300000) (1024K)]
  0x0000019aa7ed1fd0 JavaThread "Swing-Shell"                daemon [_thread_blocked, id=24824, stack(0x0000004c80800000,0x0000004c80900000) (1024K)]
=>0x0000019aa84bbcf0 JavaThread "C2 CompilerThread1"         daemon [_thread_in_native, id=27128, stack(0x0000004c81600000,0x0000004c81700000) (1024K)]
Total: 20

Other Threads:
  0x0000019a5c4924b0 VMThread "VM Thread"                           [id=6484, stack(0x0000004cfea00000,0x0000004cfeb00000) (1024K)]
  0x0000019a5c47cc70 WatcherThread "VM Periodic Task Thread"        [id=18084, stack(0x0000004cfe900000,0x0000004cfea00000) (1024K)]
  0x0000019a3d8a8120 WorkerThread "GC Thread#0"                     [id=24364, stack(0x0000004cfe400000,0x0000004cfe500000) (1024K)]
  0x0000019aa83b3db0 WorkerThread "GC Thread#1"                     [id=16816, stack(0x0000004c80b00000,0x0000004c80c00000) (1024K)]
  0x0000019aa8323410 WorkerThread "GC Thread#2"                     [id=7440, stack(0x0000004c80c00000,0x0000004c80d00000) (1024K)]
  0x0000019aa82d8770 WorkerThread "GC Thread#3"                     [id=14076, stack(0x0000004c80d00000,0x0000004c80e00000) (1024K)]
  0x0000019aa8268170 WorkerThread "GC Thread#4"                     [id=5988, stack(0x0000004c80e00000,0x0000004c80f00000) (1024K)]
  0x0000019aa8268920 WorkerThread "GC Thread#5"                     [id=16668, stack(0x0000004c80f00000,0x0000004c81000000) (1024K)]
  0x0000019aa8413000 WorkerThread "GC Thread#6"                     [id=18852, stack(0x0000004c81000000,0x0000004c81100000) (1024K)]
  0x0000019aa84143b0 WorkerThread "GC Thread#7"                     [id=25940, stack(0x0000004c81100000,0x0000004c81200000) (1024K)]
  0x0000019a3d8b8950 ConcurrentGCThread "G1 Main Marker"            [id=26308, stack(0x0000004cfe500000,0x0000004cfe600000) (1024K)]
  0x0000019a3d8b9450 WorkerThread "G1 Conc#0"                       [id=12556, stack(0x0000004cfe600000,0x0000004cfe700000) (1024K)]
  0x0000019a5c3530d0 ConcurrentGCThread "G1 Refine#0"               [id=12436, stack(0x0000004cfe700000,0x0000004cfe800000) (1024K)]
  0x0000019a5c353b40 ConcurrentGCThread "G1 Service"                [id=11760, stack(0x0000004cfe800000,0x0000004cfe900000) (1024K)]
Total: 14

Threads with active compile tasks:
C2 CompilerThread1    22678 2846   !   4       sun.awt.shell.Win32ShellFolder2::equals (184 bytes)
Total: 1

VM state: not at safepoint (normal execution)

VM Mutex/Monitor currently owned by a thread: None

Heap address: 0x0000000711000000, size: 3824 MB, Compressed Oops mode: Zero based, Oop shift amount: 3

CDS archive(s) mapped at: [0x0000019a5d000000-0x0000019a5dc90000-0x0000019a5dc90000), size 13172736, SharedBaseAddress: 0x0000019a5d000000, ArchiveRelocationMode: 1.
Compressed class space mapped at: 0x0000019a5e000000-0x0000019a9e000000, reserved size: 1073741824
Narrow klass base: 0x0000019a5d000000, Narrow klass shift: 0, Narrow klass range: 0x100000000

GC Precious Log:
 CardTable entry size: 512
 Card Set container configuration: InlinePtr #cards 4 size 8 Array Of Cards #cards 16 size 48 Howl #buckets 8 coarsen threshold 3686 Howl Bitmap #cards 512 size 80 coarsen threshold 460 Card regions per heap region 1 cards per card region 4096
 CPUs: 8 total, 8 available
 Memory: 15293M
 Large Page Support: Disabled
 NUMA Support: Disabled
 Compressed Oops: Enabled (Zero based)
 Heap Region Size: 2M
 Heap Min Capacity: 8M
 Heap Initial Capacity: 240M
 Heap Max Capacity: 3824M
 Pre-touch: Disabled
 Parallel Workers: 8
 Concurrent Workers: 2
 Concurrent Refinement Workers: 8
 Periodic GC: Disabled

Heap:
 garbage-first heap   total 245760K, used 13399K [0x0000000711000000, 0x0000000800000000)
  region size 2048K, 7 young (14336K), 2 survivors (4096K)
 Metaspace       used 18788K, committed 19072K, reserved 1114112K
  class space    used 2112K, committed 2240K, reserved 1048576K

Heap Regions: E=young(eden), S=young(survivor), O=old, HS=humongous(starts), HC=humongous(continues), CS=collection set, F=free, TAMS=top-at-mark-start, PB=parsable bottom
|   0|0x0000000711000000, 0x0000000711115c90, 0x0000000711200000| 54%| O|  |TAMS 0x0000000711000000| PB 0x0000000711000000| Untracked 
|   1|0x0000000711200000, 0x0000000711200000, 0x0000000711400000|  0%| F|  |TAMS 0x0000000711200000| PB 0x0000000711200000| Untracked 
|   2|0x0000000711400000, 0x0000000711400000, 0x0000000711600000|  0%| F|  |TAMS 0x0000000711400000| PB 0x0000000711400000| Untracked 
|   3|0x0000000711600000, 0x0000000711600000, 0x0000000711800000|  0%| F|  |TAMS 0x0000000711600000| PB 0x0000000711600000| Untracked 
|   4|0x0000000711800000, 0x0000000711800000, 0x0000000711a00000|  0%| F|  |TAMS 0x0000000711800000| PB 0x0000000711800000| Untracked 
|   5|0x0000000711a00000, 0x0000000711a00000, 0x0000000711c00000|  0%| F|  |TAMS 0x0000000711a00000| PB 0x0000000711a00000| Untracked 
|   6|0x0000000711c00000, 0x0000000711c00000, 0x0000000711e00000|  0%| F|  |TAMS 0x0000000711c00000| PB 0x0000000711c00000| Untracked 
|   7|0x0000000711e00000, 0x0000000711e00000, 0x0000000712000000|  0%| F|  |TAMS 0x0000000711e00000| PB 0x0000000711e00000| Untracked 
|   8|0x0000000712000000, 0x0000000712000000, 0x0000000712200000|  0%| F|  |TAMS 0x0000000712000000| PB 0x0000000712000000| Untracked 
|   9|0x0000000712200000, 0x0000000712200000, 0x0000000712400000|  0%| F|  |TAMS 0x0000000712200000| PB 0x0000000712200000| Untracked 
|  10|0x0000000712400000, 0x0000000712400000, 0x0000000712600000|  0%| F|  |TAMS 0x0000000712400000| PB 0x0000000712400000| Untracked 
|  11|0x0000000712600000, 0x0000000712600000, 0x0000000712800000|  0%| F|  |TAMS 0x0000000712600000| PB 0x0000000712600000| Untracked 
|  12|0x0000000712800000, 0x0000000712800000, 0x0000000712a00000|  0%| F|  |TAMS 0x0000000712800000| PB 0x0000000712800000| Untracked 
|  13|0x0000000712a00000, 0x0000000712a00000, 0x0000000712c00000|  0%| F|  |TAMS 0x0000000712a00000| PB 0x0000000712a00000| Untracked 
|  14|0x0000000712c00000, 0x0000000712c00000, 0x0000000712e00000|  0%| F|  |TAMS 0x0000000712c00000| PB 0x0000000712c00000| Untracked 
|  15|0x0000000712e00000, 0x0000000712e00000, 0x0000000713000000|  0%| F|  |TAMS 0x0000000712e00000| PB 0x0000000712e00000| Untracked 
|  16|0x0000000713000000, 0x0000000713000000, 0x0000000713200000|  0%| F|  |TAMS 0x0000000713000000| PB 0x0000000713000000| Untracked 
|  17|0x0000000713200000, 0x0000000713200000, 0x0000000713400000|  0%| F|  |TAMS 0x0000000713200000| PB 0x0000000713200000| Untracked 
|  18|0x0000000713400000, 0x0000000713400000, 0x0000000713600000|  0%| F|  |TAMS 0x0000000713400000| PB 0x0000000713400000| Untracked 
|  19|0x0000000713600000, 0x0000000713600000, 0x0000000713800000|  0%| F|  |TAMS 0x0000000713600000| PB 0x0000000713600000| Untracked 
|  20|0x0000000713800000, 0x0000000713800000, 0x0000000713a00000|  0%| F|  |TAMS 0x0000000713800000| PB 0x0000000713800000| Untracked 
|  21|0x0000000713a00000, 0x0000000713a00000, 0x0000000713c00000|  0%| F|  |TAMS 0x0000000713a00000| PB 0x0000000713a00000| Untracked 
|  22|0x0000000713c00000, 0x0000000713c00000, 0x0000000713e00000|  0%| F|  |TAMS 0x0000000713c00000| PB 0x0000000713c00000| Untracked 
|  23|0x0000000713e00000, 0x0000000713e00000, 0x0000000714000000|  0%| F|  |TAMS 0x0000000713e00000| PB 0x0000000713e00000| Untracked 
|  24|0x0000000714000000, 0x0000000714000000, 0x0000000714200000|  0%| F|  |TAMS 0x0000000714000000| PB 0x0000000714000000| Untracked 
|  25|0x0000000714200000, 0x0000000714200000, 0x0000000714400000|  0%| F|  |TAMS 0x0000000714200000| PB 0x0000000714200000| Untracked 
|  26|0x0000000714400000, 0x0000000714400000, 0x0000000714600000|  0%| F|  |TAMS 0x0000000714400000| PB 0x0000000714400000| Untracked 
|  27|0x0000000714600000, 0x0000000714600000, 0x0000000714800000|  0%| F|  |TAMS 0x0000000714600000| PB 0x0000000714600000| Untracked 
|  28|0x0000000714800000, 0x0000000714800000, 0x0000000714a00000|  0%| F|  |TAMS 0x0000000714800000| PB 0x0000000714800000| Untracked 
|  29|0x0000000714a00000, 0x0000000714a00000, 0x0000000714c00000|  0%| F|  |TAMS 0x0000000714a00000| PB 0x0000000714a00000| Untracked 
|  30|0x0000000714c00000, 0x0000000714c00000, 0x0000000714e00000|  0%| F|  |TAMS 0x0000000714c00000| PB 0x0000000714c00000| Untracked 
|  31|0x0000000714e00000, 0x0000000714e00000, 0x0000000715000000|  0%| F|  |TAMS 0x0000000714e00000| PB 0x0000000714e00000| Untracked 
|  32|0x0000000715000000, 0x0000000715000000, 0x0000000715200000|  0%| F|  |TAMS 0x0000000715000000| PB 0x0000000715000000| Untracked 
|  33|0x0000000715200000, 0x0000000715200000, 0x0000000715400000|  0%| F|  |TAMS 0x0000000715200000| PB 0x0000000715200000| Untracked 
|  34|0x0000000715400000, 0x0000000715400000, 0x0000000715600000|  0%| F|  |TAMS 0x0000000715400000| PB 0x0000000715400000| Untracked 
|  35|0x0000000715600000, 0x0000000715600000, 0x0000000715800000|  0%| F|  |TAMS 0x0000000715600000| PB 0x0000000715600000| Untracked 
|  36|0x0000000715800000, 0x0000000715800000, 0x0000000715a00000|  0%| F|  |TAMS 0x0000000715800000| PB 0x0000000715800000| Untracked 
|  37|0x0000000715a00000, 0x0000000715a00000, 0x0000000715c00000|  0%| F|  |TAMS 0x0000000715a00000| PB 0x0000000715a00000| Untracked 
|  38|0x0000000715c00000, 0x0000000715c00000, 0x0000000715e00000|  0%| F|  |TAMS 0x0000000715c00000| PB 0x0000000715c00000| Untracked 
|  39|0x0000000715e00000, 0x0000000715e00000, 0x0000000716000000|  0%| F|  |TAMS 0x0000000715e00000| PB 0x0000000715e00000| Untracked 
|  40|0x0000000716000000, 0x0000000716000000, 0x0000000716200000|  0%| F|  |TAMS 0x0000000716000000| PB 0x0000000716000000| Untracked 
|  41|0x0000000716200000, 0x0000000716200000, 0x0000000716400000|  0%| F|  |TAMS 0x0000000716200000| PB 0x0000000716200000| Untracked 
|  42|0x0000000716400000, 0x0000000716400000, 0x0000000716600000|  0%| F|  |TAMS 0x0000000716400000| PB 0x0000000716400000| Untracked 
|  43|0x0000000716600000, 0x0000000716600000, 0x0000000716800000|  0%| F|  |TAMS 0x0000000716600000| PB 0x0000000716600000| Untracked 
|  44|0x0000000716800000, 0x0000000716800000, 0x0000000716a00000|  0%| F|  |TAMS 0x0000000716800000| PB 0x0000000716800000| Untracked 
|  45|0x0000000716a00000, 0x0000000716a00000, 0x0000000716c00000|  0%| F|  |TAMS 0x0000000716a00000| PB 0x0000000716a00000| Untracked 
|  46|0x0000000716c00000, 0x0000000716c00000, 0x0000000716e00000|  0%| F|  |TAMS 0x0000000716c00000| PB 0x0000000716c00000| Untracked 
|  47|0x0000000716e00000, 0x0000000716e00000, 0x0000000717000000|  0%| F|  |TAMS 0x0000000716e00000| PB 0x0000000716e00000| Untracked 
|  48|0x0000000717000000, 0x0000000717000000, 0x0000000717200000|  0%| F|  |TAMS 0x0000000717000000| PB 0x0000000717000000| Untracked 
|  49|0x0000000717200000, 0x0000000717200000, 0x0000000717400000|  0%| F|  |TAMS 0x0000000717200000| PB 0x0000000717200000| Untracked 
|  50|0x0000000717400000, 0x0000000717400000, 0x0000000717600000|  0%| F|  |TAMS 0x0000000717400000| PB 0x0000000717400000| Untracked 
|  51|0x0000000717600000, 0x0000000717600000, 0x0000000717800000|  0%| F|  |TAMS 0x0000000717600000| PB 0x0000000717600000| Untracked 
|  52|0x0000000717800000, 0x0000000717800000, 0x0000000717a00000|  0%| F|  |TAMS 0x0000000717800000| PB 0x0000000717800000| Untracked 
|  53|0x0000000717a00000, 0x0000000717a00000, 0x0000000717c00000|  0%| F|  |TAMS 0x0000000717a00000| PB 0x0000000717a00000| Untracked 
|  54|0x0000000717c00000, 0x0000000717c00000, 0x0000000717e00000|  0%| F|  |TAMS 0x0000000717c00000| PB 0x0000000717c00000| Untracked 
|  55|0x0000000717e00000, 0x0000000717e00000, 0x0000000718000000|  0%| F|  |TAMS 0x0000000717e00000| PB 0x0000000717e00000| Untracked 
|  56|0x0000000718000000, 0x0000000718000000, 0x0000000718200000|  0%| F|  |TAMS 0x0000000718000000| PB 0x0000000718000000| Untracked 
|  57|0x0000000718200000, 0x0000000718200000, 0x0000000718400000|  0%| F|  |TAMS 0x0000000718200000| PB 0x0000000718200000| Untracked 
|  58|0x0000000718400000, 0x0000000718400000, 0x0000000718600000|  0%| F|  |TAMS 0x0000000718400000| PB 0x0000000718400000| Untracked 
|  59|0x0000000718600000, 0x0000000718600000, 0x0000000718800000|  0%| F|  |TAMS 0x0000000718600000| PB 0x0000000718600000| Untracked 
|  60|0x0000000718800000, 0x0000000718800000, 0x0000000718a00000|  0%| F|  |TAMS 0x0000000718800000| PB 0x0000000718800000| Untracked 
|  61|0x0000000718a00000, 0x0000000718a00000, 0x0000000718c00000|  0%| F|  |TAMS 0x0000000718a00000| PB 0x0000000718a00000| Untracked 
|  62|0x0000000718c00000, 0x0000000718c00000, 0x0000000718e00000|  0%| F|  |TAMS 0x0000000718c00000| PB 0x0000000718c00000| Untracked 
|  63|0x0000000718e00000, 0x0000000718e00000, 0x0000000719000000|  0%| F|  |TAMS 0x0000000718e00000| PB 0x0000000718e00000| Untracked 
|  64|0x0000000719000000, 0x0000000719000000, 0x0000000719200000|  0%| F|  |TAMS 0x0000000719000000| PB 0x0000000719000000| Untracked 
|  65|0x0000000719200000, 0x0000000719200000, 0x0000000719400000|  0%| F|  |TAMS 0x0000000719200000| PB 0x0000000719200000| Untracked 
|  66|0x0000000719400000, 0x0000000719400000, 0x0000000719600000|  0%| F|  |TAMS 0x0000000719400000| PB 0x0000000719400000| Untracked 
|  67|0x0000000719600000, 0x0000000719600000, 0x0000000719800000|  0%| F|  |TAMS 0x0000000719600000| PB 0x0000000719600000| Untracked 
|  68|0x0000000719800000, 0x0000000719800000, 0x0000000719a00000|  0%| F|  |TAMS 0x0000000719800000| PB 0x0000000719800000| Untracked 
|  69|0x0000000719a00000, 0x0000000719a00000, 0x0000000719c00000|  0%| F|  |TAMS 0x0000000719a00000| PB 0x0000000719a00000| Untracked 
|  70|0x0000000719c00000, 0x0000000719c00000, 0x0000000719e00000|  0%| F|  |TAMS 0x0000000719c00000| PB 0x0000000719c00000| Untracked 
|  71|0x0000000719e00000, 0x0000000719e00000, 0x000000071a000000|  0%| F|  |TAMS 0x0000000719e00000| PB 0x0000000719e00000| Untracked 
|  72|0x000000071a000000, 0x000000071a000000, 0x000000071a200000|  0%| F|  |TAMS 0x000000071a000000| PB 0x000000071a000000| Untracked 
|  73|0x000000071a200000, 0x000000071a200000, 0x000000071a400000|  0%| F|  |TAMS 0x000000071a200000| PB 0x000000071a200000| Untracked 
|  74|0x000000071a400000, 0x000000071a400000, 0x000000071a600000|  0%| F|  |TAMS 0x000000071a400000| PB 0x000000071a400000| Untracked 
|  75|0x000000071a600000, 0x000000071a600000, 0x000000071a800000|  0%| F|  |TAMS 0x000000071a600000| PB 0x000000071a600000| Untracked 
|  76|0x000000071a800000, 0x000000071a800000, 0x000000071aa00000|  0%| F|  |TAMS 0x000000071a800000| PB 0x000000071a800000| Untracked 
|  77|0x000000071aa00000, 0x000000071aa00000, 0x000000071ac00000|  0%| F|  |TAMS 0x000000071aa00000| PB 0x000000071aa00000| Untracked 
|  78|0x000000071ac00000, 0x000000071ac00000, 0x000000071ae00000|  0%| F|  |TAMS 0x000000071ac00000| PB 0x000000071ac00000| Untracked 
|  79|0x000000071ae00000, 0x000000071ae00000, 0x000000071b000000|  0%| F|  |TAMS 0x000000071ae00000| PB 0x000000071ae00000| Untracked 
|  80|0x000000071b000000, 0x000000071b000000, 0x000000071b200000|  0%| F|  |TAMS 0x000000071b000000| PB 0x000000071b000000| Untracked 
|  81|0x000000071b200000, 0x000000071b200000, 0x000000071b400000|  0%| F|  |TAMS 0x000000071b200000| PB 0x000000071b200000| Untracked 
|  82|0x000000071b400000, 0x000000071b400000, 0x000000071b600000|  0%| F|  |TAMS 0x000000071b400000| PB 0x000000071b400000| Untracked 
|  83|0x000000071b600000, 0x000000071b600000, 0x000000071b800000|  0%| F|  |TAMS 0x000000071b600000| PB 0x000000071b600000| Untracked 
|  84|0x000000071b800000, 0x000000071b800000, 0x000000071ba00000|  0%| F|  |TAMS 0x000000071b800000| PB 0x000000071b800000| Untracked 
|  85|0x000000071ba00000, 0x000000071ba00000, 0x000000071bc00000|  0%| F|  |TAMS 0x000000071ba00000| PB 0x000000071ba00000| Untracked 
|  86|0x000000071bc00000, 0x000000071bc00000, 0x000000071be00000|  0%| F|  |TAMS 0x000000071bc00000| PB 0x000000071bc00000| Untracked 
|  87|0x000000071be00000, 0x000000071be00000, 0x000000071c000000|  0%| F|  |TAMS 0x000000071be00000| PB 0x000000071be00000| Untracked 
|  88|0x000000071c000000, 0x000000071c000000, 0x000000071c200000|  0%| F|  |TAMS 0x000000071c000000| PB 0x000000071c000000| Untracked 
|  89|0x000000071c200000, 0x000000071c200000, 0x000000071c400000|  0%| F|  |TAMS 0x000000071c200000| PB 0x000000071c200000| Untracked 
|  90|0x000000071c400000, 0x000000071c400000, 0x000000071c600000|  0%| F|  |TAMS 0x000000071c400000| PB 0x000000071c400000| Untracked 
|  91|0x000000071c600000, 0x000000071c600000, 0x000000071c800000|  0%| F|  |TAMS 0x000000071c600000| PB 0x000000071c600000| Untracked 
|  92|0x000000071c800000, 0x000000071c800000, 0x000000071ca00000|  0%| F|  |TAMS 0x000000071c800000| PB 0x000000071c800000| Untracked 
|  93|0x000000071ca00000, 0x000000071ca00000, 0x000000071cc00000|  0%| F|  |TAMS 0x000000071ca00000| PB 0x000000071ca00000| Untracked 
|  94|0x000000071cc00000, 0x000000071cc00000, 0x000000071ce00000|  0%| F|  |TAMS 0x000000071cc00000| PB 0x000000071cc00000| Untracked 
|  95|0x000000071ce00000, 0x000000071ce00000, 0x000000071d000000|  0%| F|  |TAMS 0x000000071ce00000| PB 0x000000071ce00000| Untracked 
|  96|0x000000071d000000, 0x000000071d000000, 0x000000071d200000|  0%| F|  |TAMS 0x000000071d000000| PB 0x000000071d000000| Untracked 
|  97|0x000000071d200000, 0x000000071d200000, 0x000000071d400000|  0%| F|  |TAMS 0x000000071d200000| PB 0x000000071d200000| Untracked 
|  98|0x000000071d400000, 0x000000071d400000, 0x000000071d600000|  0%| F|  |TAMS 0x000000071d400000| PB 0x000000071d400000| Untracked 
|  99|0x000000071d600000, 0x000000071d600000, 0x000000071d800000|  0%| F|  |TAMS 0x000000071d600000| PB 0x000000071d600000| Untracked 
| 100|0x000000071d800000, 0x000000071d800000, 0x000000071da00000|  0%| F|  |TAMS 0x000000071d800000| PB 0x000000071d800000| Untracked 
| 101|0x000000071da00000, 0x000000071da00000, 0x000000071dc00000|  0%| F|  |TAMS 0x000000071da00000| PB 0x000000071da00000| Untracked 
| 102|0x000000071dc00000, 0x000000071dc00000, 0x000000071de00000|  0%| F|  |TAMS 0x000000071dc00000| PB 0x000000071dc00000| Untracked 
| 103|0x000000071de00000, 0x000000071de00000, 0x000000071e000000|  0%| F|  |TAMS 0x000000071de00000| PB 0x000000071de00000| Untracked 
| 104|0x000000071e000000, 0x000000071e000000, 0x000000071e200000|  0%| F|  |TAMS 0x000000071e000000| PB 0x000000071e000000| Untracked 
| 105|0x000000071e200000, 0x000000071e200000, 0x000000071e400000|  0%| F|  |TAMS 0x000000071e200000| PB 0x000000071e200000| Untracked 
| 106|0x000000071e400000, 0x000000071e400000, 0x000000071e600000|  0%| F|  |TAMS 0x000000071e400000| PB 0x000000071e400000| Untracked 
| 107|0x000000071e600000, 0x000000071e800000, 0x000000071e800000|100%| S|CS|TAMS 0x000000071e600000| PB 0x000000071e600000| Complete 
| 108|0x000000071e800000, 0x000000071ea00000, 0x000000071ea00000|100%| S|CS|TAMS 0x000000071e800000| PB 0x000000071e800000| Complete 
| 109|0x000000071ea00000, 0x000000071ea00000, 0x000000071ec00000|  0%| F|  |TAMS 0x000000071ea00000| PB 0x000000071ea00000| Untracked 
| 110|0x000000071ec00000, 0x000000071ec00000, 0x000000071ee00000|  0%| F|  |TAMS 0x000000071ec00000| PB 0x000000071ec00000| Untracked 
| 111|0x000000071ee00000, 0x000000071ee00000, 0x000000071f000000|  0%| F|  |TAMS 0x000000071ee00000| PB 0x000000071ee00000| Untracked 
| 112|0x000000071f000000, 0x000000071f000000, 0x000000071f200000|  0%| F|  |TAMS 0x000000071f000000| PB 0x000000071f000000| Untracked 
| 113|0x000000071f200000, 0x000000071f200000, 0x000000071f400000|  0%| F|  |TAMS 0x000000071f200000| PB 0x000000071f200000| Untracked 
| 114|0x000000071f400000, 0x000000071f400000, 0x000000071f600000|  0%| F|  |TAMS 0x000000071f400000| PB 0x000000071f400000| Untracked 
| 115|0x000000071f600000, 0x000000071f6db998, 0x000000071f800000| 42%| E|  |TAMS 0x000000071f600000| PB 0x000000071f600000| Complete 
| 116|0x000000071f800000, 0x000000071fa00000, 0x000000071fa00000|100%| E|CS|TAMS 0x000000071f800000| PB 0x000000071f800000| Complete 
| 117|0x000000071fa00000, 0x000000071fc00000, 0x000000071fc00000|100%| E|CS|TAMS 0x000000071fa00000| PB 0x000000071fa00000| Complete 
| 118|0x000000071fc00000, 0x000000071fe00000, 0x000000071fe00000|100%| E|CS|TAMS 0x000000071fc00000| PB 0x000000071fc00000| Complete 
| 119|0x000000071fe00000, 0x0000000720000000, 0x0000000720000000|100%| E|CS|TAMS 0x000000071fe00000| PB 0x000000071fe00000| Complete 

Card table byte_map: [0x0000019a55760000,0x0000019a55ee0000] _byte_map_base: 0x0000019a51ed8000

Marking Bits: (CMBitMap*) 0x0000019a3d8a8820
 Bits: [0x0000019a55ee0000, 0x0000019a59aa0000)

Polling page: 0x0000019a3b780000

Metaspace:

Usage:
  Non-class:     16.29 MB used.
      Class:      2.06 MB used.
       Both:     18.35 MB used.

Virtual space:
  Non-class space:       64.00 MB reserved,      16.44 MB ( 26%) committed,  1 nodes.
      Class space:        1.00 GB reserved,       2.19 MB ( <1%) committed,  1 nodes.
             Both:        1.06 GB reserved,      18.62 MB (  2%) committed. 

Chunk freelists:
   Non-Class:  15.00 MB
       Class:  13.75 MB
        Both:  28.75 MB

MaxMetaspaceSize: unlimited
CompressedClassSpaceSize: 1.00 GB
Initial GC threshold: 21.00 MB
Current GC threshold: 21.00 MB
CDS: on
 - commit_granule_bytes: 65536.
 - commit_granule_words: 8192.
 - virtual_space_node_default_size: 8388608.
 - enlarge_chunks_in_place: 1.
 - use_allocation_guard: 0.


Internal statistics:

num_allocs_failed_limit: 0.
num_arena_births: 194.
num_arena_deaths: 0.
num_vsnodes_births: 2.
num_vsnodes_deaths: 0.
num_space_committed: 298.
num_space_uncommitted: 0.
num_chunks_returned_to_freelist: 0.
num_chunks_taken_from_freelist: 382.
num_chunk_merges: 0.
num_chunk_splits: 238.
num_chunks_enlarged: 147.
num_inconsistent_stats: 0.

CodeHeap 'non-profiled nmethods': size=120000Kb used=1004Kb max_used=1004Kb free=118995Kb
 bounds [0x0000019a4d780000, 0x0000019a4d9f0000, 0x0000019a54cb0000]
CodeHeap 'profiled nmethods': size=120000Kb used=5941Kb max_used=5941Kb free=114059Kb
 bounds [0x0000019a45cb0000, 0x0000019a46280000, 0x0000019a4d1e0000]
CodeHeap 'non-nmethods': size=5760Kb used=1735Kb max_used=1754Kb free=4024Kb
 bounds [0x0000019a4d1e0000, 0x0000019a4d450000, 0x0000019a4d780000]
 total_blobs=3672 nmethods=2906 adapters=670
 compilation: enabled
              stopped_count=0, restarted_count=0
 full_count=0

Compilation events (20 events):
Event: 22.605 Thread 0x0000019a5c4f0f00 2865       3       javax.swing.SwingUtilities::getRootPane (43 bytes)
Event: 22.606 Thread 0x0000019a5c4f0f00 nmethod 2865 0x0000019a46269d10 code [0x0000019a46269f20, 0x0000019a4626a758]
Event: 22.606 Thread 0x0000019a5c4f0f00 2867       3       javax.swing.DefaultButtonModel::isPressed (15 bytes)
Event: 22.606 Thread 0x0000019a5c4f0f00 nmethod 2867 0x0000019a4626a890 code [0x0000019a4626aa20, 0x0000019a4626ab90]
Event: 22.606 Thread 0x0000019a5c4f0f00 2866       1       javax.swing.JScrollBar::getModel (5 bytes)
Event: 22.606 Thread 0x0000019a5c4f0f00 nmethod 2866 0x0000019a4d877410 code [0x0000019a4d8775a0, 0x0000019a4d877670]
Event: 22.606 Thread 0x0000019a5c4f0f00 2868       3       javax.swing.DefaultButtonModel::isRollover (16 bytes)
Event: 22.606 Thread 0x0000019a5c4f0f00 nmethod 2868 0x0000019a4626ac10 code [0x0000019a4626ada0, 0x0000019a4626af10]
Event: 22.617 Thread 0x0000019a5c4f0f00 2869       3       java.util.Vector::add (23 bytes)
Event: 22.618 Thread 0x0000019a5c4f0f00 nmethod 2869 0x0000019a4626af90 code [0x0000019a4626b160, 0x0000019a4626b520]
Event: 22.618 Thread 0x0000019a5c4f0f00 2870  s    3       java.util.Vector::addElement (24 bytes)
Event: 22.619 Thread 0x0000019a5c4f0f00 nmethod 2870 0x0000019a4626b690 code [0x0000019a4626b860, 0x0000019a4626bd68]
Event: 22.620 Thread 0x0000019a5c4f0f00 2871       3       sun.awt.shell.Win32ShellFolder2$ColumnComparator::compare (13 bytes)
Event: 22.620 Thread 0x0000019a5c4efc40 2873       4       java.lang.Integer::valueOf (32 bytes)
Event: 22.620 Thread 0x0000019a5c4f0f00 nmethod 2871 0x0000019a4626bf90 code [0x0000019a4626c160, 0x0000019a4626c498]
Event: 22.620 Thread 0x0000019a5c4f0f00 2872       3       sun.awt.shell.Win32ShellFolder2$ColumnComparator::compare (30 bytes)
Event: 22.621 Thread 0x0000019a5c4f0f00 nmethod 2872 0x0000019a4626c590 code [0x0000019a4626c780, 0x0000019a4626cd28]
Event: 22.622 Thread 0x0000019a5c4efc40 nmethod 2873 0x0000019a4d877710 code [0x0000019a4d8778a0, 0x0000019a4d877990]
Event: 22.626 Thread 0x0000019a5c4f0f00 2874       3       java.util.Set::of (10 bytes)
Event: 22.626 Thread 0x0000019a5c4f0f00 nmethod 2874 0x0000019a4626cf10 code [0x0000019a4626d0c0, 0x0000019a4626d250]

GC Heap History (2 events):
Event: 1.396 GC heap before
{Heap before GC invocations=0 (full 0):
 garbage-first heap   total 245760K, used 22528K [0x0000000711000000, 0x0000000800000000)
  region size 2048K, 11 young (22528K), 0 survivors (0K)
 Metaspace       used 14578K, committed 14784K, reserved 1114112K
  class space    used 1656K, committed 1728K, reserved 1048576K
}
Event: 1.402 GC heap after
{Heap after GC invocations=1 (full 0):
 garbage-first heap   total 245760K, used 5207K [0x0000000711000000, 0x0000000800000000)
  region size 2048K, 2 young (4096K), 2 survivors (4096K)
 Metaspace       used 14578K, committed 14784K, reserved 1114112K
  class space    used 1656K, committed 1728K, reserved 1048576K
}

Dll operation events (11 events):
Event: 0.008 Loaded shared library C:\Program Files\Java\jdk-21\bin\java.dll
Event: 0.066 Loaded shared library C:\Program Files\Java\jdk-21\bin\jsvml.dll
Event: 0.112 Loaded shared library C:\Program Files\Java\jdk-21\bin\net.dll
Event: 0.116 Loaded shared library C:\Program Files\Java\jdk-21\bin\nio.dll
Event: 0.125 Loaded shared library C:\Program Files\Java\jdk-21\bin\zip.dll
Event: 0.154 Loaded shared library C:\Program Files\Java\jdk-21\bin\jimage.dll
Event: 0.183 Loaded shared library C:\Program Files\Java\jdk-21\bin\awt.dll
Event: 0.372 Loaded shared library C:\Program Files\Java\jdk-21\bin\freetype.dll
Event: 0.373 Loaded shared library C:\Program Files\Java\jdk-21\bin\fontmanager.dll
Event: 0.669 Loaded shared library C:\Program Files\Java\jdk-21\bin\verify.dll
Event: 1.283 Loaded shared library C:\Program Files\Java\jdk-21\bin\extnet.dll

Deoptimization events (20 events):
Event: 22.115 Thread 0x0000019a5c4bbe90 Uncommon trap: trap_request=0xffffff45 fr.pc=0x0000019a4d7eeb68 relative=0x0000000000000208
Event: 22.115 Thread 0x0000019a5c4bbe90 Uncommon trap: reason=unstable_if action=reinterpret pc=0x0000019a4d7eeb68 method=java.io.WinNTFileSystem.normalize(Ljava/lang/String;)Ljava/lang/String; @ 128 c2
Event: 22.115 Thread 0x0000019a5c4bbe90 DEOPT PACKING pc=0x0000019a4d7eeb68 sp=0x0000004cff8fd9e0
Event: 22.115 Thread 0x0000019a5c4bbe90 DEOPT UNPACKING pc=0x0000019a4d2346a2 sp=0x0000004cff8fd968 mode 2
Event: 22.148 Thread 0x0000019aa7ed1fd0 Uncommon trap: trap_request=0xffffff45 fr.pc=0x0000019a4d7d5374 relative=0x0000000000000234
Event: 22.148 Thread 0x0000019aa7ed1fd0 Uncommon trap: reason=unstable_if action=reinterpret pc=0x0000019a4d7d5374 method=java.lang.String.startsWith(Ljava/lang/String;I)Z @ 50 c2
Event: 22.148 Thread 0x0000019aa7ed1fd0 DEOPT PACKING pc=0x0000019a4d7d5374 sp=0x0000004c808fec40
Event: 22.149 Thread 0x0000019aa7ed1fd0 DEOPT UNPACKING pc=0x0000019a4d2346a2 sp=0x0000004c808febc8 mode 2
Event: 22.165 Thread 0x0000019a5c4bbe90 Uncommon trap: trap_request=0xffffff45 fr.pc=0x0000019a4d7ff96c relative=0x00000000000003ac
Event: 22.165 Thread 0x0000019a5c4bbe90 Uncommon trap: reason=unstable_if action=reinterpret pc=0x0000019a4d7ff96c method=java.lang.String$CaseInsensitiveComparator.compare(Ljava/lang/String;Ljava/lang/String;)I @ 23 c2
Event: 22.165 Thread 0x0000019a5c4bbe90 DEOPT PACKING pc=0x0000019a4d7ff96c sp=0x0000004cff8fd5d0
Event: 22.165 Thread 0x0000019a5c4bbe90 DEOPT UNPACKING pc=0x0000019a4d2346a2 sp=0x0000004cff8fd4f0 mode 2
Event: 22.278 Thread 0x0000019a5c4bbe90 Uncommon trap: trap_request=0xffffff45 fr.pc=0x0000019a4d7fe574 relative=0x0000000000000054
Event: 22.278 Thread 0x0000019a5c4bbe90 Uncommon trap: reason=unstable_if action=reinterpret pc=0x0000019a4d7fe574 method=java.lang.CharacterData.of(I)Ljava/lang/CharacterData; @ 4 c2
Event: 22.278 Thread 0x0000019a5c4bbe90 DEOPT PACKING pc=0x0000019a4d7fe574 sp=0x0000004cff8fd7a0
Event: 22.278 Thread 0x0000019a5c4bbe90 DEOPT UNPACKING pc=0x0000019a4d2346a2 sp=0x0000004cff8fd738 mode 2
Event: 22.364 Thread 0x0000019a5c4bbe90 Uncommon trap: trap_request=0xffffff45 fr.pc=0x0000019a4d869280 relative=0x00000000000003c0
Event: 22.364 Thread 0x0000019a5c4bbe90 Uncommon trap: reason=unstable_if action=reinterpret pc=0x0000019a4d869280 method=java.util.Hashtable.get(Ljava/lang/Object;)Ljava/lang/Object; @ 48 c2
Event: 22.364 Thread 0x0000019a5c4bbe90 DEOPT PACKING pc=0x0000019a4d869280 sp=0x0000004cff8fd000
Event: 22.364 Thread 0x0000019a5c4bbe90 DEOPT UNPACKING pc=0x0000019a4d2346a2 sp=0x0000004cff8fcfa0 mode 2

Classes loaded (20 events):
Event: 22.607 Loading class javax/swing/JFileChooser$1 done
Event: 22.608 Loading class java/util/AbstractList$Itr
Event: 22.608 Loading class java/util/AbstractList$Itr done
Event: 22.608 Loading class sun/awt/windows/WFileDialogPeer
Event: 22.608 Loading class java/awt/peer/FileDialogPeer
Event: 22.608 Loading class java/awt/peer/FileDialogPeer done
Event: 22.608 Loading class sun/awt/windows/WFileDialogPeer done
Event: 22.608 Loading class sun/awt/windows/WPrintDialogPeer
Event: 22.608 Loading class sun/awt/windows/WPrintDialogPeer done
Event: 22.625 Loading class java/awt/ModalEventFilter$1
Event: 22.625 Loading class java/awt/ModalEventFilter$1 done
Event: 22.625 Loading class java/awt/ModalEventFilter$ApplicationModalEventFilter
Event: 22.625 Loading class java/awt/ModalEventFilter$ApplicationModalEventFilter done
Event: 22.626 Loading class sun/awt/ModalityEvent
Event: 22.626 Loading class sun/awt/ModalityEvent done
Event: 22.627 Loading class java/awt/WaitDispatchSupport
Event: 22.628 Loading class java/awt/SecondaryLoop
Event: 22.628 Loading class java/awt/SecondaryLoop done
Event: 22.628 Loading class java/awt/WaitDispatchSupport done
Event: 22.628 Loading class java/awt/WaitDispatchSupport$5

Classes unloaded (0 events):
No events

Classes redefined (0 events):
No events

Internal exceptions (20 events):
Event: 0.421 Thread 0x0000019a3b5dd5a0 Exception <a 'java/lang/ClassNotFoundException'{0x000000071fba4910}: Tree> (0x000000071fba4910) 
thrown [s\open\src\hotspot\share\classfile\systemDictionary.cpp, line 312]
Event: 0.421 Thread 0x0000019a3b5dd5a0 Exception <a 'java/lang/ClassNotFoundException'{0x000000071fba4c80}: javax/swing/JTreeCell> (0x000000071fba4c80) 
thrown [s\open\src\hotspot\share\classfile\systemDictionary.cpp, line 312]
Event: 0.421 Thread 0x0000019a3b5dd5a0 Exception <a 'java/lang/ClassNotFoundException'{0x000000071fba4f88}: TreeCell> (0x000000071fba4f88) 
thrown [s\open\src\hotspot\share\classfile\systemDictionary.cpp, line 312]
Event: 0.421 Thread 0x0000019a3b5dd5a0 Exception <a 'java/lang/ClassNotFoundException'{0x000000071fba5730}: RootPane> (0x000000071fba5730) 
thrown [s\open\src\hotspot\share\classfile\systemDictionary.cpp, line 312]
Event: 0.423 Thread 0x0000019a3b5dd5a0 Exception <a 'java/lang/ClassNotFoundException'{0x000000071fba84c0}: com/sun/swing/internal/plaf/metal/resources/spi/metalProvider> (0x000000071fba84c0) 
thrown [s\open\src\hotspot\share\classfile\systemDictionary.cpp, line 312]
Event: 0.424 Thread 0x0000019a3b5dd5a0 Exception <a 'java/lang/ClassNotFoundException'{0x000000071fbac170}: com/sun/swing/internal/plaf/basic/resources/spi/basicProvider> (0x000000071fbac170) 
thrown [s\open\src\hotspot\share\classfile\systemDictionary.cpp, line 312]
Event: 0.558 Thread 0x0000019a5c4bbe90 Exception <a 'java/lang/ClassNotFoundException'{0x000000071f888368}: com/sun/swing/internal/plaf/synth/resources/spi/synthProvider> (0x000000071f888368) 
thrown [s\open\src\hotspot\share\classfile\systemDictionary.cpp, line 312]
Event: 0.580 Thread 0x0000019a5c4bbe90 Exception <a 'java/lang/NoSuchMethodError'{0x000000071f8cb928}: 'int java.lang.invoke.Invokers$Holder.invokeExact_MT(java.lang.Object, java.lang.Object)'> (0x000000071f8cb928) 
thrown [s\open\src\hotspot\share\interpreter\linkResolver.cpp, line 773]
Event: 0.594 Thread 0x0000019a5c4bbe90 Exception <a 'java/lang/NoSuchMethodError'{0x000000071f8d9958}: 'java.lang.Object java.lang.invoke.DirectMethodHandle$Holder.newInvokeSpecial(java.lang.Object, java.lang.Object, int)'> (0x000000071f8d9958) 
thrown [s\open\src\hotspot\share\interpreter\linkResolver.cpp, line 773]
Event: 0.595 Thread 0x0000019a5c4bbe90 Exception <a 'java/lang/NoSuchMethodError'{0x000000071f8de808}: 'int java.lang.invoke.DirectMethodHandle$Holder.invokeSpecial(java.lang.Object, java.lang.Object, java.lang.Object, int)'> (0x000000071f8de808) 
thrown [s\open\src\hotspot\share\interpreter\linkResolver.cpp, line 773]
Event: 0.597 Thread 0x0000019a5c4bbe90 Exception <a 'java/lang/NoSuchMethodError'{0x000000071f8f11c0}: 'java.lang.Object java.lang.invoke.DirectMethodHandle$Holder.invokeStatic(java.lang.Object, java.lang.Object, java.lang.Object, java.lang.Object, int)'> (0x000000071f8f11c0) 
thrown [s\open\src\hotspot\share\interpreter\linkResolver.cpp, line 773]
Event: 0.599 Thread 0x0000019a5c4bbe90 Exception <a 'java/lang/NoSuchMethodError'{0x000000071f8fca20}: 'int java.lang.invoke.DirectMethodHandle$Holder.invokeSpecial(java.lang.Object, java.lang.Object, java.lang.Object)'> (0x000000071f8fca20) 
thrown [s\open\src\hotspot\share\interpreter\linkResolver.cpp, line 773]
Event: 0.795 Thread 0x0000019aa7ed3380 Exception <a 'java/lang/NoSuchMethodError'{0x000000071f47f770}: 'java.lang.Object java.lang.invoke.DirectMethodHandle$Holder.newInvokeSpecial(java.lang.Object, java.lang.Object, java.lang.Object, int, int, int, int, int)'> (0x000000071f47f770) 
thrown [s\open\src\hotspot\share\interpreter\linkResolver.cpp, line 773]
Event: 0.840 Thread 0x0000019a5c4bbe90 Exception <a 'java/lang/NoSuchMethodError'{0x000000071f45db90}: 'void java.lang.invoke.DirectMethodHandle$Holder.invokeStaticInit(java.lang.Object)'> (0x000000071f45db90) 
thrown [s\open\src\hotspot\share\interpreter\linkResolver.cpp, line 773]
Event: 1.064 Thread 0x0000019a5c4baae0 Exception <a 'java/lang/NoSuchMethodError'{0x000000071fa0e9a8}: 'void java.lang.invoke.DirectMethodHandle$Holder.invokeVirtual(java.lang.Object, java.lang.Object)'> (0x000000071fa0e9a8) 
thrown [s\open\src\hotspot\share\interpreter\linkResolver.cpp, line 773]
Event: 1.098 Thread 0x0000019a5c4bbe90 Exception <a 'java/lang/NoSuchMethodError'{0x000000071f105b00}: 'void java.lang.invoke.DirectMethodHandle$Holder.invokeStatic(java.lang.Object, java.lang.Object)'> (0x000000071f105b00) 
thrown [s\open\src\hotspot\share\interpreter\linkResolver.cpp, line 773]
Event: 1.127 Thread 0x0000019a5c4bbe90 Exception <a 'java/lang/NoSuchMethodError'{0x000000071ee13ee0}: 'java.lang.Object java.lang.invoke.DirectMethodHandle$Holder.invokeInterface(java.lang.Object, java.lang.Object)'> (0x000000071ee13ee0) 
thrown [s\open\src\hotspot\share\interpreter\linkResolver.cpp, line 773]
Event: 1.158 Thread 0x0000019a5c4bbe90 Exception <a 'java/lang/NoSuchMethodError'{0x000000071ee8c4e8}: 'void java.lang.invoke.DirectMethodHandle$Holder.invokeStatic(java.lang.Object, java.lang.Object, java.lang.Object)'> (0x000000071ee8c4e8) 
thrown [s\open\src\hotspot\share\interpreter\linkResolver.cpp, line 773]
Event: 1.160 Thread 0x0000019a5c4bbe90 Exception <a 'java/lang/NoSuchMethodError'{0x000000071ee95578}: 'java.lang.Object java.lang.invoke.DirectMethodHandle$Holder.invokeVirtual(java.lang.Object, java.lang.Object, java.lang.Object)'> (0x000000071ee95578) 
thrown [s\open\src\hotspot\share\interpreter\linkResolver.cpp, line 773]
Event: 22.627 Thread 0x0000019a5c4bbe90 Exception <a 'java/lang/NoSuchMethodError'{0x000000071f647688}: 'int java.lang.invoke.DirectMethodHandle$Holder.invokeStatic(java.lang.Object)'> (0x000000071f647688) 
thrown [s\open\src\hotspot\share\interpreter\linkResolver.cpp, line 773]

ZGC Phase Switch (0 events):
No events

VM Operations (20 events):
Event: 13.838 Executing VM operation: Cleanup
Event: 13.838 Executing VM operation: Cleanup done
Event: 14.853 Executing VM operation: Cleanup
Event: 14.853 Executing VM operation: Cleanup done
Event: 15.867 Executing VM operation: Cleanup
Event: 15.867 Executing VM operation: Cleanup done
Event: 18.905 Executing VM operation: Cleanup
Event: 18.905 Executing VM operation: Cleanup done
Event: 19.916 Executing VM operation: Cleanup
Event: 19.916 Executing VM operation: Cleanup done
Event: 21.931 Executing VM operation: Cleanup
Event: 21.931 Executing VM operation: Cleanup done
Event: 22.012 Executing VM operation: HandshakeAllThreads (Deoptimize)
Event: 22.012 Executing VM operation: HandshakeAllThreads (Deoptimize) done
Event: 22.016 Executing VM operation: HandshakeAllThreads (Deoptimize)
Event: 22.016 Executing VM operation: HandshakeAllThreads (Deoptimize) done
Event: 22.040 Executing VM operation: HandshakeAllThreads (Deoptimize)
Event: 22.040 Executing VM operation: HandshakeAllThreads (Deoptimize) done
Event: 22.544 Executing VM operation: HandshakeAllThreads (Deoptimize)
Event: 22.544 Executing VM operation: HandshakeAllThreads (Deoptimize) done

Events (20 events):
Event: 0.275 Thread 0x0000019a5c4bb170 Thread added: 0x0000019a5c4bb170
Event: 0.277 Thread 0x0000019a5c4baae0 Thread added: 0x0000019a5c4baae0
Event: 0.437 Thread 0x0000019a5c4bbe90 Thread added: 0x0000019a5c4bbe90
Event: 0.437 Thread 0x0000019a3b5dd5a0 Thread exited: 0x0000019a3b5dd5a0
Event: 0.437 Thread 0x0000019a5c4bcbb0 Thread added: 0x0000019a5c4bcbb0
Event: 0.697 Thread 0x0000019aa7ece4c0 Thread added: 0x0000019aa7ece4c0
Event: 0.779 Thread 0x0000019aa7fd5640 Thread added: 0x0000019aa7fd5640
Event: 0.791 Thread 0x0000019aa7ed3380 Thread added: 0x0000019aa7ed3380
Event: 1.099 Thread 0x0000019aa7ecf1e0 Thread added: 0x0000019aa7ecf1e0
Event: 1.533 Thread 0x0000019aa7ecde30 Thread added: 0x0000019aa7ecde30
Event: 2.085 Thread 0x0000019aa7fd5640 Thread exited: 0x0000019aa7fd5640
Event: 5.806 Thread 0x0000019aa7ed3380 Thread exited: 0x0000019aa7ed3380
Event: 22.048 Thread 0x0000019aa7ed1fd0 Thread added: 0x0000019aa7ed1fd0
Event: 22.395 Thread 0x0000019aa7ed0590 Thread added: 0x0000019aa7ed0590
Event: 22.408 Thread 0x0000019aa84bbcf0 Thread added: 0x0000019aa84bbcf0
Event: 22.408 Thread 0x0000019aa7ed0590 Thread exited: 0x0000019aa7ed0590
Event: 22.542 Thread 0x0000019aa7ed2660 Thread added: 0x0000019aa7ed2660
Event: 22.560 Thread 0x0000019aa7ed2660 Thread exited: 0x0000019aa7ed2660
Event: 22.607 Thread 0x0000019aa7ecf870 Thread added: 0x0000019aa7ecf870
Event: 22.621 Thread 0x0000019aa7ecf870 Thread exited: 0x0000019aa7ecf870


Dynamic libraries:
0x00007ff7caa10000 - 0x00007ff7caa20000 	C:\Program Files\Java\jdk-21\bin\javaw.exe
0x00007ffe8fd50000 - 0x00007ffe8ff48000 	C:\Windows\SYSTEM32\ntdll.dll
0x00007ffe8dd80000 - 0x00007ffe8de3d000 	C:\Windows\System32\KERNEL32.DLL
0x00007ffe8d800000 - 0x00007ffe8daf6000 	C:\Windows\System32\KERNELBASE.dll
0x00007ffe8dbe0000 - 0x00007ffe8dce0000 	C:\Windows\System32\ucrtbase.dll
0x00007ffe86db0000 - 0x00007ffe86dc9000 	C:\Program Files\Java\jdk-21\bin\jli.dll
0x00007ffe86b90000 - 0x00007ffe86bab000 	C:\Program Files\Java\jdk-21\bin\VCRUNTIME140.dll
0x00007ffe8e480000 - 0x00007ffe8e52f000 	C:\Windows\System32\ADVAPI32.dll
0x00007ffe8e3e0000 - 0x00007ffe8e47e000 	C:\Windows\System32\msvcrt.dll
0x00007ffe8f810000 - 0x00007ffe8f8ac000 	C:\Windows\System32\sechost.dll
0x00007ffe8f260000 - 0x00007ffe8f386000 	C:\Windows\System32\RPCRT4.dll
0x00007ffe8fae0000 - 0x00007ffe8fc7e000 	C:\Windows\System32\USER32.dll
0x00007ffe8dd50000 - 0x00007ffe8dd72000 	C:\Windows\System32\win32u.dll
0x00007ffe82f20000 - 0x00007ffe831ba000 	C:\Windows\WinSxS\amd64_microsoft.windows.common-controls_6595b64144ccf1df_6.0.19041.3636_none_60b6a03d71f818d5\COMCTL32.dll
0x00007ffe8f710000 - 0x00007ffe8f73c000 	C:\Windows\System32\GDI32.dll
0x00007ffe8d630000 - 0x00007ffe8d74a000 	C:\Windows\System32\gdi32full.dll
0x00007ffe8d400000 - 0x00007ffe8d49d000 	C:\Windows\System32\msvcp_win.dll
0x00007ffe84a60000 - 0x00007ffe84a6a000 	C:\Windows\SYSTEM32\VERSION.dll
0x00007ffe8e0b0000 - 0x00007ffe8e0e0000 	C:\Windows\System32\IMM32.DLL
0x00007ffe88d40000 - 0x00007ffe88d4c000 	C:\Program Files\Java\jdk-21\bin\vcruntime140_1.dll
0x00007ffe5e350000 - 0x00007ffe5e3de000 	C:\Program Files\Java\jdk-21\bin\msvcp140.dll
0x00007ffe4d540000 - 0x00007ffe4e253000 	C:\Program Files\Java\jdk-21\bin\server\jvm.dll
0x00007ffe8e9a0000 - 0x00007ffe8ea0b000 	C:\Windows\System32\WS2_32.dll
0x00007ffe8d260000 - 0x00007ffe8d2ab000 	C:\Windows\SYSTEM32\POWRPROF.dll
0x00007ffe6db90000 - 0x00007ffe6dbb7000 	C:\Windows\SYSTEM32\WINMM.dll
0x00007ffe8d240000 - 0x00007ffe8d252000 	C:\Windows\SYSTEM32\UMPDC.dll
0x00007ffe8bc10000 - 0x00007ffe8bc22000 	C:\Windows\SYSTEM32\kernel.appcore.dll
0x00007ffe88d50000 - 0x00007ffe88d5a000 	C:\Program Files\Java\jdk-21\bin\jimage.dll
0x00007ffe8afc0000 - 0x00007ffe8b1a4000 	C:\Windows\SYSTEM32\DBGHELP.DLL
0x00007ffe6dbc0000 - 0x00007ffe6dbf4000 	C:\Windows\SYSTEM32\dbgcore.DLL
0x00007ffe8db50000 - 0x00007ffe8dbd2000 	C:\Windows\System32\bcryptPrimitives.dll
0x00007ffe88ba0000 - 0x00007ffe88bbf000 	C:\Program Files\Java\jdk-21\bin\java.dll
0x00007ffe8eab0000 - 0x00007ffe8f1f5000 	C:\Windows\System32\SHELL32.dll
0x00007ffe8b1b0000 - 0x00007ffe8b94b000 	C:\Windows\SYSTEM32\windows.storage.dll
0x00007ffe8f3b0000 - 0x00007ffe8f704000 	C:\Windows\System32\combase.dll
0x00007ffe8cc90000 - 0x00007ffe8ccbd000 	C:\Windows\SYSTEM32\Wldp.dll
0x00007ffe8e290000 - 0x00007ffe8e33d000 	C:\Windows\System32\SHCORE.dll
0x00007ffe8fc80000 - 0x00007ffe8fcd5000 	C:\Windows\System32\shlwapi.dll
0x00007ffe8d330000 - 0x00007ffe8d355000 	C:\Windows\SYSTEM32\profapi.dll
0x00007ffe5e3e0000 - 0x00007ffe5e4b7000 	C:\Program Files\Java\jdk-21\bin\jsvml.dll
0x00007ffe87c30000 - 0x00007ffe87c40000 	C:\Program Files\Java\jdk-21\bin\net.dll
0x00007ffe84900000 - 0x00007ffe84a0a000 	C:\Windows\SYSTEM32\WINHTTP.dll
0x00007ffe8ca70000 - 0x00007ffe8cada000 	C:\Windows\system32\mswsock.dll
0x00007ffe86b70000 - 0x00007ffe86b86000 	C:\Program Files\Java\jdk-21\bin\nio.dll
0x00007ffe86a00000 - 0x00007ffe86a18000 	C:\Program Files\Java\jdk-21\bin\zip.dll
0x00007ffe5ba80000 - 0x00007ffe5bc0f000 	C:\Program Files\Java\jdk-21\bin\awt.dll
0x00007ffe8f740000 - 0x00007ffe8f80d000 	C:\Windows\System32\OLEAUT32.dll
0x00007ffe8a670000 - 0x00007ffe8a700000 	C:\Windows\SYSTEM32\apphelp.dll
0x00007ffe8a850000 - 0x00007ffe8a8ee000 	C:\Windows\system32\uxtheme.dll
0x00007ffe8f910000 - 0x00007ffe8fa24000 	C:\Windows\System32\MSCTF.dll
0x00007ffe8df20000 - 0x00007ffe8e04b000 	C:\Windows\System32\ole32.dll
0x00007ffe8aa30000 - 0x00007ffe8aa5f000 	C:\Windows\system32\DWMAPI.DLL
0x00007ffe5deb0000 - 0x00007ffe5df37000 	C:\Program Files\Java\jdk-21\bin\freetype.dll
0x00007ffe5d140000 - 0x00007ffe5d213000 	C:\Program Files\Java\jdk-21\bin\fontmanager.dll
0x00007ffe87e50000 - 0x00007ffe87f75000 	C:\Windows\system32\opengl32.dll
0x00007ffe49970000 - 0x00007ffe4999c000 	C:\Windows\SYSTEM32\GLU32.dll
0x00007ffe49740000 - 0x00007ffe4990d000 	C:\Windows\system32\d3d9.dll
0x00007ffe6dc00000 - 0x00007ffe6ddbb000 	C:\Windows\System32\DriverStore\FileRepository\u0396094.inf_amd64_a90ea54eeab05481\B395672\aticfx64.dll
0x00007ffe2ac70000 - 0x00007ffe2aca4000 	C:\Windows\System32\DriverStore\FileRepository\u0396094.inf_amd64_a90ea54eeab05481\B395672\atiu9p64.dll
0x00007ffe29cd0000 - 0x00007ffe2aa17000 	C:\Windows\System32\DriverStore\FileRepository\u0396094.inf_amd64_a90ea54eeab05481\B395672\atiumd64.dll
0x000000005a5d0000 - 0x000000005b4e3000 	C:\Windows\System32\DriverStore\FileRepository\u0396094.inf_amd64_a90ea54eeab05481\B395672\atiumd6a.dll
0x00007ffe8e530000 - 0x00007ffe8e99e000 	C:\Windows\System32\SETUPAPI.dll
0x00007ffe8db00000 - 0x00007ffe8db4e000 	C:\Windows\System32\cfgmgr32.dll
0x00007ffe8d4a0000 - 0x00007ffe8d4c7000 	C:\Windows\System32\bcrypt.dll
0x00007ffe6db10000 - 0x00007ffe6db45000 	C:\Windows\SYSTEM32\amdihk64.dll
0x00007ffe6ddc0000 - 0x00007ffe6ddfb000 	C:\Windows\SYSTEM32\dxcore.dll
0x00007ffe87c20000 - 0x00007ffe87c30000 	C:\Program Files\Java\jdk-21\bin\verify.dll
0x00007ffe8fa30000 - 0x00007ffe8fad9000 	C:\Windows\System32\clbcatq.dll
0x00007ffe6ecc0000 - 0x00007ffe6ee74000 	C:\Windows\SYSTEM32\WindowsCodecs.dll
0x00007ffe65450000 - 0x00007ffe6548e000 	C:\Windows\system32\dataexchange.dll
0x00007ffe891d0000 - 0x00007ffe89433000 	C:\Windows\system32\d3d11.dll
0x00007ffe89b60000 - 0x00007ffe89d43000 	C:\Windows\system32\dcomp.dll
0x00007ffe8bc80000 - 0x00007ffe8bd73000 	C:\Windows\system32\dxgi.dll
0x00007ffe84c40000 - 0x00007ffe84e43000 	C:\Windows\system32\twinapi.appcore.dll
0x00007ffe8c7c0000 - 0x00007ffe8c88a000 	C:\Windows\SYSTEM32\DNSAPI.dll
0x00007ffe8c780000 - 0x00007ffe8c7bb000 	C:\Windows\SYSTEM32\IPHLPAPI.DLL
0x00007ffe8e340000 - 0x00007ffe8e348000 	C:\Windows\System32\NSI.dll
0x00007ffe83ab0000 - 0x00007ffe83aba000 	C:\Windows\System32\rasadhlp.dll
0x00007ffe83b90000 - 0x00007ffe83c10000 	C:\Windows\System32\fwpuclnt.dll
0x00007ffe865d0000 - 0x00007ffe865d7000 	C:\Program Files\Java\jdk-21\bin\extnet.dll
0x00007ffe6d850000 - 0x00007ffe6d949000 	C:\Windows\SYSTEM32\textinputframework.dll
0x00007ffe8a430000 - 0x00007ffe8a522000 	C:\Windows\System32\CoreMessaging.dll
0x00007ffe8a0d0000 - 0x00007ffe8a42b000 	C:\Windows\System32\CoreUIComponents.dll
0x00007ffe8c4e0000 - 0x00007ffe8c513000 	C:\Windows\SYSTEM32\ntmarta.dll
0x00007ffe89a00000 - 0x00007ffe89b55000 	C:\Windows\SYSTEM32\wintypes.dll
0x00007ffe74b90000 - 0x00007ffe74c40000 	C:\Windows\WinSxS\amd64_microsoft.windows.common-controls_6595b64144ccf1df_5.82.19041.3636_none_7931fb75243f97c8\comctl32.dll
0x00007ffe88110000 - 0x00007ffe88206000 	C:\Windows\SYSTEM32\PROPSYS.dll
0x00007ffe66fb0000 - 0x00007ffe66fc7000 	C:\Windows\system32\NetworkExplorer.dll
0x00007ffe81060000 - 0x00007ffe8107d000 	C:\Windows\SYSTEM32\MPR.dll
0x00007ffe66cb0000 - 0x00007ffe66cd9000 	C:\Windows\System32\p9np.dll
0x00007ffe66fa0000 - 0x00007ffe66fab000 	C:\Windows\System32\drprov.dll
0x00007ffe8d130000 - 0x00007ffe8d18b000 	C:\Windows\System32\WINSTA.dll
0x00007ffe66c90000 - 0x00007ffe66caf000 	C:\Windows\System32\ntlanman.dll
0x00007ffe66c70000 - 0x00007ffe66c8e000 	C:\Windows\System32\davclnt.dll
0x00007ffe66c60000 - 0x00007ffe66c6d000 	C:\Windows\System32\DAVHLPR.dll
0x00007ffe8c520000 - 0x00007ffe8c539000 	C:\Windows\System32\wkscli.dll
0x00007ffe6f650000 - 0x00007ffe6f662000 	C:\Windows\SYSTEM32\cscapi.dll
0x00007ffe8c8e0000 - 0x00007ffe8c8ec000 	C:\Windows\System32\netutils.dll
0x00007ffe6d050000 - 0x00007ffe6d0a6000 	C:\Windows\System32\dlnashext.dll
0x00007ffe65520000 - 0x00007ffe65584000 	C:\Windows\System32\PlayToDevice.dll
0x00007ffe80050000 - 0x00007ffe80070000 	C:\Windows\System32\DevDispItemProvider.dll
0x00007ffe86f80000 - 0x00007ffe87005000 	C:\Windows\System32\MMDevApi.dll
0x00007ffe8d0c0000 - 0x00007ffe8d0f3000 	C:\Windows\System32\DEVOBJ.dll
0x00007ffe5e7a0000 - 0x00007ffe5e841000 	C:\Windows\system32\wpdshext.dll
0x00007ffe61f90000 - 0x00007ffe62135000 	C:\Windows\WinSxS\amd64_microsoft.windows.gdiplus_6595b64144ccf1df_1.1.19041.3636_none_91a19322cc8a92a3\gdiplus.dll
0x00007ffe87a10000 - 0x00007ffe87ab3000 	C:\Windows\System32\PortableDeviceApi.dll
0x00007ffe8dce0000 - 0x00007ffe8dd47000 	C:\Windows\System32\WINTRUST.dll
0x00007ffe8d4d0000 - 0x00007ffe8d62d000 	C:\Windows\System32\CRYPT32.dll
0x00007ffe8cf00000 - 0x00007ffe8cf12000 	C:\Windows\SYSTEM32\MSASN1.dll
0x00007ffe86260000 - 0x00007ffe86292000 	C:\Windows\System32\PortableDeviceTypes.dll
0x00007ffe60b10000 - 0x00007ffe60b47000 	C:\Windows\System32\EhStorShell.dll
0x00007ffe73860000 - 0x00007ffe73886000 	C:\Windows\System32\EhStorAPI.dll
0x00007ffe8b950000 - 0x00007ffe8b964000 	C:\Windows\System32\WTSAPI32.dll
0x00007ffe61f60000 - 0x00007ffe61f6d000 	C:\Windows\SYSTEM32\LINKINFO.dll

dbghelp: loaded successfully - version: 4.0.5 - missing functions: none
symbol engine: initialized successfully - sym options: 0x614 - pdb path: .;C:\Program Files\Java\jdk-21\bin;C:\Windows\SYSTEM32;C:\Windows\WinSxS\amd64_microsoft.windows.common-controls_6595b64144ccf1df_6.0.19041.3636_none_60b6a03d71f818d5;C:\Program Files\Java\jdk-21\bin\server;C:\Windows\System32\DriverStore\FileRepository\u0396094.inf_amd64_a90ea54eeab05481\B395672;C:\Windows\WinSxS\amd64_microsoft.windows.common-controls_6595b64144ccf1df_5.82.19041.3636_none_7931fb75243f97c8;C:\Windows\WinSxS\amd64_microsoft.windows.gdiplus_6595b64144ccf1df_1.1.19041.3636_none_91a19322cc8a92a3

VM Arguments:
jvm_args: -Dfile.encoding=UTF-8 -Dstdout.encoding=UTF-8 -Dstderr.encoding=UTF-8 -XX:+ShowCodeDetailsInExceptionMessages 
java_command: gestionbibliotheque.Livres
java_class_path (initial): C:\Users\HP\Desktop\GestionBibliotheque\GestionBibliotheque\bin;C:\Users\HP\Documents\mysql-connector-j-8.2.0.jar;C:\Users\HP\Downloads\jcalendar-1.4\lib\jcalendar-1.4.jar;C:\Users\HP\Downloads\rs2xml.jar
Launcher Type: SUN_STANDARD

[Global flags]
     intx CICompilerCount                          = 4                                         {product} {ergonomic}
     uint ConcGCThreads                            = 2                                         {product} {ergonomic}
     uint G1ConcRefinementThreads                  = 8                                         {product} {ergonomic}
   size_t G1HeapRegionSize                         = 2097152                                   {product} {ergonomic}
    uintx GCDrainStackTargetSize                   = 64                                        {product} {ergonomic}
   size_t InitialHeapSize                          = 251658240                                 {product} {ergonomic}
   size_t MarkStackSize                            = 4194304                                   {product} {ergonomic}
   size_t MaxHeapSize                              = 4009754624                                {product} {ergonomic}
   size_t MaxNewSize                               = 2405433344                                {product} {ergonomic}
   size_t MinHeapDeltaBytes                        = 2097152                                   {product} {ergonomic}
   size_t MinHeapSize                              = 8388608                                   {product} {ergonomic}
    uintx NonNMethodCodeHeapSize                   = 5839372                                {pd product} {ergonomic}
    uintx NonProfiledCodeHeapSize                  = 122909434                              {pd product} {ergonomic}
    uintx ProfiledCodeHeapSize                     = 122909434                              {pd product} {ergonomic}
    uintx ReservedCodeCacheSize                    = 251658240                              {pd product} {ergonomic}
     bool SegmentedCodeCache                       = true                                      {product} {ergonomic}
     bool ShowCodeDetailsInExceptionMessages       = true                                   {manageable} {command line}
   size_t SoftMaxHeapSize                          = 4009754624                             {manageable} {ergonomic}
     bool UseCompressedOops                        = true                           {product lp64_product} {ergonomic}
     bool UseG1GC                                  = true                                      {product} {ergonomic}
     bool UseLargePagesIndividualAllocation        = false                                  {pd product} {ergonomic}

Logging:
Log output configuration:
 #0: stdout all=warning uptime,level,tags foldmultilines=false
 #1: stderr all=off uptime,level,tags foldmultilines=false

Environment Variables:
PATH=C:/Program Files/Java/jdk-21/bin/server;C:/Program Files/Java/jdk-21/bin;D:\Oracle19c\WINDOWS.X64_193000_db_home\bin;C:\Oracle19c\WINDOWS.X64_193000_db_home\bin;C:\Users\HP\Desktop\WINDOWS.X64_193000_db_home\bin;D:\VMware Workstation Pro 17\bin\;C:\Users\HP\Downloads\WINDOWS.X64_193000_db_home\bin;C:\Program Files\Common Files\Oracle\Java\javapath;C:\Program Files (x86)\Common Files\Oracle\Java\javapath;C:\Program Files\Microsoft\jdk-11.0.16.101-hotspot\bin;C:\Windows\system32;C:\Windows;C:\Windows\System32\Wbem;C:\Windows\System32\WindowsPowerShell\v1.0\;C:\Windows\System32\OpenSSH\;C:\Program Files (x86)\dotnet\;C:\Program Files (x86)\Microsoft SQL Server\160\Tools\Binn\;C:\Program Files\Microsoft SQL Server\160\Tools\Binn\;C:\Program Files\Microsoft SQL Server\Client SDK\ODBC\170\Tools\Binn\;C:\Program Files\Microsoft SQL Server\160\DTS\Binn\;C:\Program Files (x86)\Microsoft SQL Server\160\DTS\Binn\;C:\Program Files\Azure Data Studio\bin;C:\Program Files\Git\cmd;C:\Program Files\Microsoft SQL Server\150\Tools\Binn\;C:\Program Files\PuTTY\;C:\Program Files\dotnet\;C:\Program Files\Docker\Docker\resources\bin;C:\Program Files\nodejs\;C:\TDM-GCC-64\bin;C:\Users\HP\AppData\Local\Microsoft\WindowsApps;C:\Users\HP\AppData\Local\Programs\Microsoft VS Code\bin;C:\Program Files\Azure Data Studio\bin;C:\Program Files\JetBrains\PyCharm Community Edition 2023.1\bin;;C:\Users\HP\.dotnet\tools;C:\Users\HP\AppData\Roaming\npm;C:\Users\HP\Desktop;
USERNAME=Youness
OS=Windows_NT
PROCESSOR_IDENTIFIER=AMD64 Family 23 Model 17 Stepping 0, AuthenticAMD
TMP=C:\Users\HP\AppData\Local\Temp
TEMP=C:\Users\HP\AppData\Local\Temp




---------------  S Y S T E M  ---------------

OS:
 Windows 10 , 64 bit Build 19041 (10.0.19041.3636)
OS uptime: 6 days 4:38 hours
Hyper-V role detected

CPU: total 8 (initial active 8) (8 cores per cpu, 2 threads per core) family 23 model 17 stepping 0 microcode 0x0, cx8, cmov, fxsr, ht, mmx, 3dnowpref, sse, sse2, sse3, ssse3, sse4a, sse4.1, sse4.2, popcnt, lzcnt, tsc, tscinvbit, avx, avx2, aes, clmul, bmi1, bmi2, adx, sha, fma, vzeroupper, clflush, clflushopt, hv, rdtscp, f16c
Processor Information for all 8 processors :
  Max Mhz: 2200, Current Mhz: 2200, Mhz Limit: 2200

Memory: 4k page, system-wide physical 15293M (2496M free)
TotalPageFile size 27581M (AvailPageFile size 0M)
current process WorkingSet (physical memory assigned to process): 186M, peak: 186M
current process commit charge ("private bytes"): 440M, peak: 441M

vm_info: Java HotSpot(TM) 64-Bit Server VM (21+35-LTS-2513) for windows-amd64 JRE (21+35-LTS-2513), built on 2023-08-09T20:25:10Z by "mach5one" with MS VC++ 17.1 (VS2022)

END.
